#
# There is insufficient memory for the Java Runtime Environment to continue.
# Native memory allocation (malloc) failed to allocate 2009776 bytes for Chunk::new
# Possible reasons:
#   The system is out of physical RAM or swap space
#   The process is running with CompressedOops enabled, and the Java Heap may be blocking the growth of the native heap
# Possible solutions:
#   Reduce memory load on the system
#   Increase physical memory or swap space
#   Check if swap backing store is full
#   Decrease Java heap size (-Xmx/-Xms)
#   Decrease number of Java threads
#   Decrease Java thread stack sizes (-Xss)
#   Set larger code cache with -XX:ReservedCodeCacheSize=
#   JVM is running with Unscaled Compressed Oops mode in which the Java heap is
#     placed in the first 4GB address space. The Java Heap base address is the
#     maximum limit for the native heap growth. Please use -XX:HeapBaseMinAddress
#     to set the Java Heap base and to place the Java Heap above 4GB virtual address.
# This output file may be truncated or incomplete.
#
#  Out of Memory Error (./src/hotspot/share/memory/arena.cpp:197), pid=16056, tid=16196
#
# JRE version: OpenJDK Runtime Environment (11.0.12+7) (build 11.0.12+7-b1504.28-7817840)
# Java VM: OpenJDK 64-Bit Server VM (11.0.12+7-b1504.28-7817840, mixed mode, tiered, compressed oops, g1 gc, windows-amd64)
# No core dump will be written. Minidumps are not enabled by default on client versions of Windows
#

---------------  S U M M A R Y ------------

Command Line: org.jetbrains.kotlin.cli.jvm.K2JVMCompiler @D:\Coding\My Projects\FreedomCry\app\build\20220803_10560659962653013002.compiler.options

Host: Intel(R) Core(TM) i5-8265U CPU @ 1.60GHz, 8 cores, 7G,  Windows 10 , 64 bit Build 22000 (10.0.22000.708)
Time: Wed Aug  3 14:32:03 2022 FLE Daylight Time elapsed time: 3.572638 seconds (0d 0h 0m 3s)

---------------  T H R E A D  ---------------

Current thread (0x00000273ffb39000):  JavaThread "C2 CompilerThread0" daemon [_thread_in_native, id=16196, stack(0x000000eeba300000,0x000000eeba400000)]


Current CompileTask:
C2:   3572 2932       4       java.lang.ClassLoader::loadClass (7 bytes)

Stack: [0x000000eeba300000,0x000000eeba400000]
Native frames: (J=compiled Java code, j=interpreted, Vv=VM code, C=native code)
V  [jvm.dll+0x5fbcea]
V  [jvm.dll+0x731905]
V  [jvm.dll+0x732f1d]
V  [jvm.dll+0x7335d3]
V  [jvm.dll+0x247bf8]
V  [jvm.dll+0xc018c]
V  [jvm.dll+0xc06cc]
V  [jvm.dll+0x35b31d]
V  [jvm.dll+0x328803]
V  [jvm.dll+0x327cfa]
V  [jvm.dll+0x200602]
V  [jvm.dll+0x1ff794]
V  [jvm.dll+0x18868c]
V  [jvm.dll+0x20e0d7]
V  [jvm.dll+0x20c901]
V  [jvm.dll+0x6f9b7f]
V  [jvm.dll+0x6f26a5]
V  [jvm.dll+0x5fabf6]
C  [ucrtbase.dll+0x26c0c]
C  [KERNEL32.DLL+0x154e0]
C  [ntdll.dll+0x485b]


---------------  P R O C E S S  ---------------

Threads class SMR info:
_java_thread_list=0x0000027390735630, length=11, elements={
0x00000273f3e70000, 0x00000273ff1bd000, 0x00000273ff1c7000, 0x00000273ff1dd000,
0x00000273ff1de000, 0x00000273ffb32800, 0x00000273ffb39000, 0x00000273ffb3b000,
0x00000273ffb55000, 0x00000273ffc91800, 0x0000027390873800
}

Java Threads: ( => current thread )
  0x00000273f3e70000 JavaThread "main" [_thread_in_vm, id=4624, stack(0x000000eeb9700000,0x000000eeb9800000)]
  0x00000273ff1bd000 JavaThread "Reference Handler" daemon [_thread_blocked, id=5548, stack(0x000000eeb9e00000,0x000000eeb9f00000)]
  0x00000273ff1c7000 JavaThread "Finalizer" daemon [_thread_blocked, id=9024, stack(0x000000eeb9f00000,0x000000eeba000000)]
  0x00000273ff1dd000 JavaThread "Signal Dispatcher" daemon [_thread_blocked, id=6148, stack(0x000000eeba000000,0x000000eeba100000)]
  0x00000273ff1de000 JavaThread "Attach Listener" daemon [_thread_blocked, id=13520, stack(0x000000eeba100000,0x000000eeba200000)]
  0x00000273ffb32800 JavaThread "Service Thread" daemon [_thread_blocked, id=15844, stack(0x000000eeba200000,0x000000eeba300000)]
=>0x00000273ffb39000 JavaThread "C2 CompilerThread0" daemon [_thread_in_native, id=16196, stack(0x000000eeba300000,0x000000eeba400000)]
  0x00000273ffb3b000 JavaThread "C1 CompilerThread0" daemon [_thread_blocked, id=3212, stack(0x000000eeba400000,0x000000eeba500000)]
  0x00000273ffb55000 JavaThread "Sweeper thread" daemon [_thread_blocked, id=12088, stack(0x000000eeba500000,0x000000eeba600000)]
  0x00000273ffc91800 JavaThread "Common-Cleaner" daemon [_thread_blocked, id=9188, stack(0x000000eeba700000,0x000000eeba800000)]
  0x0000027390873800 JavaThread "C2 CompilerThread1" daemon [_thread_in_native, id=13696, stack(0x000000eebab00000,0x000000eebac00000)]

Other Threads:
  0x00000273ff1b8800 VMThread "VM Thread" [stack: 0x000000eeb9d00000,0x000000eeb9e00000] [id=15188]
  0x00000273ffc8c800 WatcherThread [stack: 0x000000eeba600000,0x000000eeba700000] [id=7320]
  0x00000273f3e86800 GCTaskThread "GC Thread#0" [stack: 0x000000eeb9800000,0x000000eeb9900000] [id=17488]
  0x000002738f510000 GCTaskThread "GC Thread#1" [stack: 0x000000eeba900000,0x000000eebaa00000] [id=15896]
  0x000002738f506000 GCTaskThread "GC Thread#2" [stack: 0x000000eebaa00000,0x000000eebab00000] [id=17012]
  0x00000273f3eb6000 ConcurrentGCThread "G1 Main Marker" [stack: 0x000000eeb9900000,0x000000eeb9a00000] [id=12780]
  0x00000273f3eb7000 ConcurrentGCThread "G1 Conc#0" [stack: 0x000000eeb9a00000,0x000000eeb9b00000] [id=12136]
  0x000002738f47a800 ConcurrentGCThread "G1 Conc#1" [stack: 0x000000eeba800000,0x000000eeba900000] [id=17616]
  0x00000273f3f48800 ConcurrentGCThread "G1 Refine#0" [stack: 0x000000eeb9b00000,0x000000eeb9c00000] [id=11676]
  0x000002738ff4a800 ConcurrentGCThread "G1 Refine#1" [stack: 0x000000eebac00000,0x000000eebad00000] [id=13284]
  0x000002739062f000 ConcurrentGCThread "G1 Refine#2" [stack: 0x000000eebad00000,0x000000eebae00000] [id=16408]
  0x00000273f3f49800 ConcurrentGCThread "G1 Young RemSet Sampling" [stack: 0x000000eeb9c00000,0x000000eeb9d00000] [id=18812]

Threads with active compile tasks:
C2 CompilerThread0   3603 2932       4       java.lang.ClassLoader::loadClass (7 bytes)
C2 CompilerThread1   3603 3098       4       org.jetbrains.kotlin.parsing.SemanticWhitespaceAwarePsiBuilderImpl::getJoinedTokenType (64 bytes)

VM state:not at safepoint (normal execution)

VM Mutex/Monitor currently owned by a thread: None

Heap address: 0x0000000082400000, size: 2012 MB, Compressed Oops mode: 32-bit
Narrow klass base: 0x0000000000000000, Narrow klass shift: 3
Compressed class space size: 1073741824 Address: 0x0000000100000000

Heap:
 garbage-first heap   total 129024K, used 63798K [0x0000000082400000, 0x0000000100000000)
  region size 1024K, 45 young (46080K), 3 survivors (3072K)
 Metaspace       used 44760K, capacity 45266K, committed 45468K, reserved 1089536K
  class space    used 5291K, capacity 5473K, committed 5576K, reserved 1048576K
Heap Regions: E=young(eden), S=young(survivor), O=old, HS=humongous(starts), HC=humongous(continues), CS=collection set, F=free, A=archive, TAMS=top-at-mark-start (previous, next)
|   0|0x0000000082400000, 0x0000000082500000, 0x0000000082500000|100%|HS|  |TAMS 0x0000000082500000, 0x0000000082400000| Complete 
|   1|0x0000000082500000, 0x0000000082600000, 0x0000000082600000|100%|HC|  |TAMS 0x0000000082600000, 0x0000000082500000| Complete 
|   2|0x0000000082600000, 0x0000000082700000, 0x0000000082700000|100%|HC|  |TAMS 0x0000000082700000, 0x0000000082600000| Complete 
|   3|0x0000000082700000, 0x0000000082800000, 0x0000000082800000|100%| O|  |TAMS 0x0000000082800000, 0x0000000082700000| Untracked 
|   4|0x0000000082800000, 0x0000000082900000, 0x0000000082900000|100%| O|  |TAMS 0x0000000082900000, 0x0000000082800000| Untracked 
|   5|0x0000000082900000, 0x0000000082a00000, 0x0000000082a00000|100%|HS|  |TAMS 0x0000000082a00000, 0x0000000082900000| Complete 
|   6|0x0000000082a00000, 0x0000000082b00000, 0x0000000082b00000|100%|HC|  |TAMS 0x0000000082b00000, 0x0000000082a00000| Complete 
|   7|0x0000000082b00000, 0x0000000082c00000, 0x0000000082c00000|100%|HC|  |TAMS 0x0000000082c00000, 0x0000000082b00000| Complete 
|   8|0x0000000082c00000, 0x0000000082c00000, 0x0000000082d00000|  0%| F|  |TAMS 0x0000000082c00000, 0x0000000082c00000| Untracked 
|   9|0x0000000082d00000, 0x0000000082d00000, 0x0000000082e00000|  0%| F|  |TAMS 0x0000000082d00000, 0x0000000082d00000| Untracked 
|  10|0x0000000082e00000, 0x0000000082f00000, 0x0000000082f00000|100%| O|  |TAMS 0x0000000082f00000, 0x0000000082e00000| Untracked 
|  11|0x0000000082f00000, 0x0000000083000000, 0x0000000083000000|100%| O|  |TAMS 0x0000000083000000, 0x0000000082f00000| Untracked 
|  12|0x0000000083000000, 0x0000000083100000, 0x0000000083100000|100%| O|  |TAMS 0x0000000083100000, 0x0000000083000000| Untracked 
|  13|0x0000000083100000, 0x0000000083200000, 0x0000000083200000|100%| O|  |TAMS 0x0000000083200000, 0x0000000083100000| Untracked 
|  14|0x0000000083200000, 0x0000000083300000, 0x0000000083300000|100%| O|  |TAMS 0x0000000083300000, 0x0000000083200000| Untracked 
|  15|0x0000000083300000, 0x0000000083400000, 0x0000000083400000|100%| O|  |TAMS 0x0000000083400000, 0x0000000083300000| Untracked 
|  16|0x0000000083400000, 0x0000000083500000, 0x0000000083500000|100%| O|  |TAMS 0x0000000083500000, 0x0000000083400000| Untracked 
|  17|0x0000000083500000, 0x0000000083600000, 0x0000000083600000|100%| O|  |TAMS 0x0000000083600000, 0x0000000083500000| Untracked 
|  18|0x0000000083600000, 0x0000000083700000, 0x0000000083700000|100%| O|  |TAMS 0x0000000083700000, 0x0000000083600000| Untracked 
|  19|0x0000000083700000, 0x0000000083800000, 0x0000000083800000|100%| O|  |TAMS 0x0000000083800000, 0x0000000083700000| Untracked 
|  20|0x0000000083800000, 0x00000000838e1e00, 0x0000000083900000| 88%| O|  |TAMS 0x00000000838e1e00, 0x0000000083800000| Untracked 
|  21|0x0000000083900000, 0x0000000083900000, 0x0000000083a00000|  0%| F|  |TAMS 0x0000000083900000, 0x0000000083900000| Untracked 
|  22|0x0000000083a00000, 0x0000000083a00000, 0x0000000083b00000|  0%| F|  |TAMS 0x0000000083a00000, 0x0000000083a00000| Untracked 
|  23|0x0000000083b00000, 0x0000000083b00000, 0x0000000083c00000|  0%| F|  |TAMS 0x0000000083b00000, 0x0000000083b00000| Untracked 
|  24|0x0000000083c00000, 0x0000000083c00000, 0x0000000083d00000|  0%| F|  |TAMS 0x0000000083c00000, 0x0000000083c00000| Untracked 
|  25|0x0000000083d00000, 0x0000000083d00000, 0x0000000083e00000|  0%| F|  |TAMS 0x0000000083d00000, 0x0000000083d00000| Untracked 
|  26|0x0000000083e00000, 0x0000000083e00000, 0x0000000083f00000|  0%| F|  |TAMS 0x0000000083e00000, 0x0000000083e00000| Untracked 
|  27|0x0000000083f00000, 0x0000000083f00000, 0x0000000084000000|  0%| F|  |TAMS 0x0000000083f00000, 0x0000000083f00000| Untracked 
|  28|0x0000000084000000, 0x0000000084000000, 0x0000000084100000|  0%| F|  |TAMS 0x0000000084000000, 0x0000000084000000| Untracked 
|  29|0x0000000084100000, 0x0000000084100000, 0x0000000084200000|  0%| F|  |TAMS 0x0000000084100000, 0x0000000084100000| Untracked 
|  30|0x0000000084200000, 0x0000000084200000, 0x0000000084300000|  0%| F|  |TAMS 0x0000000084200000, 0x0000000084200000| Untracked 
|  31|0x0000000084300000, 0x0000000084300000, 0x0000000084400000|  0%| F|  |TAMS 0x0000000084300000, 0x0000000084300000| Untracked 
|  32|0x0000000084400000, 0x0000000084400000, 0x0000000084500000|  0%| F|  |TAMS 0x0000000084400000, 0x0000000084400000| Untracked 
|  33|0x0000000084500000, 0x0000000084500000, 0x0000000084600000|  0%| F|  |TAMS 0x0000000084500000, 0x0000000084500000| Untracked 
|  34|0x0000000084600000, 0x0000000084600000, 0x0000000084700000|  0%| F|  |TAMS 0x0000000084600000, 0x0000000084600000| Untracked 
|  35|0x0000000084700000, 0x0000000084700000, 0x0000000084800000|  0%| F|  |TAMS 0x0000000084700000, 0x0000000084700000| Untracked 
|  36|0x0000000084800000, 0x0000000084800000, 0x0000000084900000|  0%| F|  |TAMS 0x0000000084800000, 0x0000000084800000| Untracked 
|  37|0x0000000084900000, 0x0000000084900000, 0x0000000084a00000|  0%| F|  |TAMS 0x0000000084900000, 0x0000000084900000| Untracked 
|  38|0x0000000084a00000, 0x0000000084a00000, 0x0000000084b00000|  0%| F|  |TAMS 0x0000000084a00000, 0x0000000084a00000| Untracked 
|  39|0x0000000084b00000, 0x0000000084b00000, 0x0000000084c00000|  0%| F|  |TAMS 0x0000000084b00000, 0x0000000084b00000| Untracked 
|  40|0x0000000084c00000, 0x0000000084c00000, 0x0000000084d00000|  0%| F|  |TAMS 0x0000000084c00000, 0x0000000084c00000| Untracked 
|  41|0x0000000084d00000, 0x0000000084d00000, 0x0000000084e00000|  0%| F|  |TAMS 0x0000000084d00000, 0x0000000084d00000| Untracked 
|  42|0x0000000084e00000, 0x0000000084e00000, 0x0000000084f00000|  0%| F|  |TAMS 0x0000000084e00000, 0x0000000084e00000| Untracked 
|  43|0x0000000084f00000, 0x0000000084f00000, 0x0000000085000000|  0%| F|  |TAMS 0x0000000084f00000, 0x0000000084f00000| Untracked 
|  44|0x0000000085000000, 0x0000000085000000, 0x0000000085100000|  0%| F|  |TAMS 0x0000000085000000, 0x0000000085000000| Untracked 
|  45|0x0000000085100000, 0x0000000085100000, 0x0000000085200000|  0%| F|  |TAMS 0x0000000085100000, 0x0000000085100000| Untracked 
|  46|0x0000000085200000, 0x0000000085200000, 0x0000000085300000|  0%| F|  |TAMS 0x0000000085200000, 0x0000000085200000| Untracked 
|  47|0x0000000085300000, 0x0000000085300000, 0x0000000085400000|  0%| F|  |TAMS 0x0000000085300000, 0x0000000085300000| Untracked 
|  48|0x0000000085400000, 0x0000000085400000, 0x0000000085500000|  0%| F|  |TAMS 0x0000000085400000, 0x0000000085400000| Untracked 
|  49|0x0000000085500000, 0x0000000085500000, 0x0000000085600000|  0%| F|  |TAMS 0x0000000085500000, 0x0000000085500000| Untracked 
|  50|0x0000000085600000, 0x0000000085600000, 0x0000000085700000|  0%| F|  |TAMS 0x0000000085600000, 0x0000000085600000| Untracked 
|  51|0x0000000085700000, 0x0000000085700000, 0x0000000085800000|  0%| F|  |TAMS 0x0000000085700000, 0x0000000085700000| Untracked 
|  52|0x0000000085800000, 0x0000000085800000, 0x0000000085900000|  0%| F|  |TAMS 0x0000000085800000, 0x0000000085800000| Untracked 
|  53|0x0000000085900000, 0x0000000085900000, 0x0000000085a00000|  0%| F|  |TAMS 0x0000000085900000, 0x0000000085900000| Untracked 
|  54|0x0000000085a00000, 0x0000000085a00000, 0x0000000085b00000|  0%| F|  |TAMS 0x0000000085a00000, 0x0000000085a00000| Untracked 
|  55|0x0000000085b00000, 0x0000000085b00000, 0x0000000085c00000|  0%| F|  |TAMS 0x0000000085b00000, 0x0000000085b00000| Untracked 
|  56|0x0000000085c00000, 0x0000000085c00000, 0x0000000085d00000|  0%| F|  |TAMS 0x0000000085c00000, 0x0000000085c00000| Untracked 
|  57|0x0000000085d00000, 0x0000000085d00000, 0x0000000085e00000|  0%| F|  |TAMS 0x0000000085d00000, 0x0000000085d00000| Untracked 
|  58|0x0000000085e00000, 0x0000000085e00000, 0x0000000085f00000|  0%| F|  |TAMS 0x0000000085e00000, 0x0000000085e00000| Untracked 
|  59|0x0000000085f00000, 0x0000000085f00000, 0x0000000086000000|  0%| F|  |TAMS 0x0000000085f00000, 0x0000000085f00000| Untracked 
|  60|0x0000000086000000, 0x0000000086000000, 0x0000000086100000|  0%| F|  |TAMS 0x0000000086000000, 0x0000000086000000| Untracked 
|  61|0x0000000086100000, 0x0000000086100000, 0x0000000086200000|  0%| F|  |TAMS 0x0000000086100000, 0x0000000086100000| Untracked 
|  62|0x0000000086200000, 0x0000000086200000, 0x0000000086300000|  0%| F|  |TAMS 0x0000000086200000, 0x0000000086200000| Untracked 
|  63|0x0000000086300000, 0x0000000086300000, 0x0000000086400000|  0%| F|  |TAMS 0x0000000086300000, 0x0000000086300000| Untracked 
|  64|0x0000000086400000, 0x0000000086400000, 0x0000000086500000|  0%| F|  |TAMS 0x0000000086400000, 0x0000000086400000| Untracked 
|  65|0x0000000086500000, 0x0000000086500000, 0x0000000086600000|  0%| F|  |TAMS 0x0000000086500000, 0x0000000086500000| Untracked 
|  66|0x0000000086600000, 0x0000000086600000, 0x0000000086700000|  0%| F|  |TAMS 0x0000000086600000, 0x0000000086600000| Untracked 
|  67|0x0000000086700000, 0x0000000086700000, 0x0000000086800000|  0%| F|  |TAMS 0x0000000086700000, 0x0000000086700000| Untracked 
|  68|0x0000000086800000, 0x0000000086800000, 0x0000000086900000|  0%| F|  |TAMS 0x0000000086800000, 0x0000000086800000| Untracked 
|  69|0x0000000086900000, 0x0000000086900000, 0x0000000086a00000|  0%| F|  |TAMS 0x0000000086900000, 0x0000000086900000| Untracked 
|  70|0x0000000086a00000, 0x0000000086a00000, 0x0000000086b00000|  0%| F|  |TAMS 0x0000000086a00000, 0x0000000086a00000| Untracked 
|  71|0x0000000086b00000, 0x0000000086b00000, 0x0000000086c00000|  0%| F|  |TAMS 0x0000000086b00000, 0x0000000086b00000| Untracked 
|  72|0x0000000086c00000, 0x0000000086c00000, 0x0000000086d00000|  0%| F|  |TAMS 0x0000000086c00000, 0x0000000086c00000| Untracked 
|  73|0x0000000086d00000, 0x0000000086d00000, 0x0000000086e00000|  0%| F|  |TAMS 0x0000000086d00000, 0x0000000086d00000| Untracked 
|  74|0x0000000086e00000, 0x0000000086e00000, 0x0000000086f00000|  0%| F|  |TAMS 0x0000000086e00000, 0x0000000086e00000| Untracked 
|  75|0x0000000086f00000, 0x0000000086f00000, 0x0000000087000000|  0%| F|  |TAMS 0x0000000086f00000, 0x0000000086f00000| Untracked 
|  76|0x0000000087000000, 0x0000000087000000, 0x0000000087100000|  0%| F|  |TAMS 0x0000000087000000, 0x0000000087000000| Untracked 
|  77|0x0000000087100000, 0x0000000087100000, 0x0000000087200000|  0%| F|  |TAMS 0x0000000087100000, 0x0000000087100000| Untracked 
|  78|0x0000000087200000, 0x0000000087200000, 0x0000000087300000|  0%| F|  |TAMS 0x0000000087200000, 0x0000000087200000| Untracked 
|  79|0x0000000087300000, 0x0000000087300000, 0x0000000087400000|  0%| F|  |TAMS 0x0000000087300000, 0x0000000087300000| Untracked 
|  80|0x0000000087400000, 0x0000000087481c10, 0x0000000087500000| 50%| E|  |TAMS 0x0000000087400000, 0x0000000087400000| Complete 
|  81|0x0000000087500000, 0x0000000087600000, 0x0000000087600000|100%| E|CS|TAMS 0x0000000087500000, 0x0000000087500000| Complete 
|  82|0x0000000087600000, 0x0000000087700000, 0x0000000087700000|100%| E|CS|TAMS 0x0000000087600000, 0x0000000087600000| Complete 
|  83|0x0000000087700000, 0x0000000087800000, 0x0000000087800000|100%| E|CS|TAMS 0x0000000087700000, 0x0000000087700000| Complete 
|  84|0x0000000087800000, 0x0000000087900000, 0x0000000087900000|100%| E|CS|TAMS 0x0000000087800000, 0x0000000087800000| Complete 
|  85|0x0000000087900000, 0x0000000087a00000, 0x0000000087a00000|100%| E|CS|TAMS 0x0000000087900000, 0x0000000087900000| Complete 
|  86|0x0000000087a00000, 0x0000000087b00000, 0x0000000087b00000|100%| E|CS|TAMS 0x0000000087a00000, 0x0000000087a00000| Complete 
|  87|0x0000000087b00000, 0x0000000087c00000, 0x0000000087c00000|100%| E|CS|TAMS 0x0000000087b00000, 0x0000000087b00000| Complete 
|  88|0x0000000087c00000, 0x0000000087d00000, 0x0000000087d00000|100%| E|CS|TAMS 0x0000000087c00000, 0x0000000087c00000| Complete 
|  89|0x0000000087d00000, 0x0000000087e00000, 0x0000000087e00000|100%| E|CS|TAMS 0x0000000087d00000, 0x0000000087d00000| Complete 
|  90|0x0000000087e00000, 0x0000000087f00000, 0x0000000087f00000|100%| E|CS|TAMS 0x0000000087e00000, 0x0000000087e00000| Complete 
|  91|0x0000000087f00000, 0x0000000088000000, 0x0000000088000000|100%| E|CS|TAMS 0x0000000087f00000, 0x0000000087f00000| Complete 
|  92|0x0000000088000000, 0x0000000088100000, 0x0000000088100000|100%| E|CS|TAMS 0x0000000088000000, 0x0000000088000000| Complete 
|  93|0x0000000088100000, 0x0000000088200000, 0x0000000088200000|100%| E|CS|TAMS 0x0000000088100000, 0x0000000088100000| Complete 
|  94|0x0000000088200000, 0x0000000088300000, 0x0000000088300000|100%| E|CS|TAMS 0x0000000088200000, 0x0000000088200000| Complete 
|  95|0x0000000088300000, 0x0000000088400000, 0x0000000088400000|100%| E|CS|TAMS 0x0000000088300000, 0x0000000088300000| Complete 
|  96|0x0000000088400000, 0x0000000088500000, 0x0000000088500000|100%| E|CS|TAMS 0x0000000088400000, 0x0000000088400000| Complete 
|  97|0x0000000088500000, 0x0000000088600000, 0x0000000088600000|100%| E|CS|TAMS 0x0000000088500000, 0x0000000088500000| Complete 
|  98|0x0000000088600000, 0x0000000088700000, 0x0000000088700000|100%| E|CS|TAMS 0x0000000088600000, 0x0000000088600000| Complete 
|  99|0x0000000088700000, 0x0000000088800000, 0x0000000088800000|100%| E|CS|TAMS 0x0000000088700000, 0x0000000088700000| Complete 
| 100|0x0000000088800000, 0x0000000088900000, 0x0000000088900000|100%| E|CS|TAMS 0x0000000088800000, 0x0000000088800000| Complete 
| 101|0x0000000088900000, 0x0000000088a00000, 0x0000000088a00000|100%| E|CS|TAMS 0x0000000088900000, 0x0000000088900000| Complete 
| 102|0x0000000088a00000, 0x0000000088b00000, 0x0000000088b00000|100%| E|CS|TAMS 0x0000000088a00000, 0x0000000088a00000| Complete 
| 103|0x0000000088b00000, 0x0000000088c00000, 0x0000000088c00000|100%| E|CS|TAMS 0x0000000088b00000, 0x0000000088b00000| Complete 
| 104|0x0000000088c00000, 0x0000000088c6bb90, 0x0000000088d00000| 42%| S|CS|TAMS 0x0000000088c00000, 0x0000000088c00000| Complete 
| 105|0x0000000088d00000, 0x0000000088e00000, 0x0000000088e00000|100%| S|CS|TAMS 0x0000000088d00000, 0x0000000088d00000| Complete 
| 106|0x0000000088e00000, 0x0000000088f00000, 0x0000000088f00000|100%| S|CS|TAMS 0x0000000088e00000, 0x0000000088e00000| Complete 
| 107|0x0000000088f00000, 0x0000000089000000, 0x0000000089000000|100%| E|CS|TAMS 0x0000000088f00000, 0x0000000088f00000| Complete 
| 108|0x0000000089000000, 0x0000000089100000, 0x0000000089100000|100%| E|CS|TAMS 0x0000000089000000, 0x0000000089000000| Complete 
| 109|0x0000000089100000, 0x0000000089200000, 0x0000000089200000|100%| E|CS|TAMS 0x0000000089100000, 0x0000000089100000| Complete 
| 110|0x0000000089200000, 0x0000000089300000, 0x0000000089300000|100%| E|CS|TAMS 0x0000000089200000, 0x0000000089200000| Complete 
| 111|0x0000000089300000, 0x0000000089400000, 0x0000000089400000|100%| E|CS|TAMS 0x0000000089300000, 0x0000000089300000| Complete 
| 112|0x0000000089400000, 0x0000000089500000, 0x0000000089500000|100%| E|CS|TAMS 0x0000000089400000, 0x0000000089400000| Complete 
| 113|0x0000000089500000, 0x0000000089600000, 0x0000000089600000|100%| E|CS|TAMS 0x0000000089500000, 0x0000000089500000| Complete 
| 114|0x0000000089600000, 0x0000000089700000, 0x0000000089700000|100%| E|CS|TAMS 0x0000000089600000, 0x0000000089600000| Complete 
| 115|0x0000000089700000, 0x0000000089800000, 0x0000000089800000|100%| E|CS|TAMS 0x0000000089700000, 0x0000000089700000| Complete 
| 116|0x0000000089800000, 0x0000000089900000, 0x0000000089900000|100%| E|CS|TAMS 0x0000000089800000, 0x0000000089800000| Complete 
| 117|0x0000000089900000, 0x0000000089a00000, 0x0000000089a00000|100%| E|CS|TAMS 0x0000000089900000, 0x0000000089900000| Complete 
| 118|0x0000000089a00000, 0x0000000089b00000, 0x0000000089b00000|100%| E|CS|TAMS 0x0000000089a00000, 0x0000000089a00000| Complete 
| 119|0x0000000089b00000, 0x0000000089c00000, 0x0000000089c00000|100%| E|CS|TAMS 0x0000000089b00000, 0x0000000089b00000| Complete 
| 120|0x0000000089c00000, 0x0000000089d00000, 0x0000000089d00000|100%| E|CS|TAMS 0x0000000089c00000, 0x0000000089c00000| Complete 
| 121|0x0000000089d00000, 0x0000000089e00000, 0x0000000089e00000|100%| E|CS|TAMS 0x0000000089d00000, 0x0000000089d00000| Complete 
| 122|0x0000000089e00000, 0x0000000089f00000, 0x0000000089f00000|100%| E|CS|TAMS 0x0000000089e00000, 0x0000000089e00000| Complete 
| 123|0x0000000089f00000, 0x000000008a000000, 0x000000008a000000|100%| E|CS|TAMS 0x0000000089f00000, 0x0000000089f00000| Complete 
| 124|0x000000008a000000, 0x000000008a100000, 0x000000008a100000|100%| E|CS|TAMS 0x000000008a000000, 0x000000008a000000| Complete 
| 125|0x000000008a100000, 0x000000008a200000, 0x000000008a200000|100%| E|CS|TAMS 0x000000008a100000, 0x000000008a100000| Complete 

Card table byte_map: [0x00000273f80a0000,0x00000273f8490000] _byte_map_base: 0x00000273f7c8e000

Marking Bits (Prev, Next): (CMBitMap*) 0x00000273f3ead128, (CMBitMap*) 0x00000273f3ead160
 Prev Bits: [0x00000273f8880000, 0x00000273fa7f0000)
 Next Bits: [0x00000273fa7f0000, 0x00000273fc760000)

Polling page: 0x00000273f1e00000

Metaspace:

Usage:
  Non-class:     38.92 MB capacity,    38.61 MB (>99%) used,   255.55 KB ( <1%) free+waste,    65.38 KB ( <1%) overhead. 
      Class:      5.38 MB capacity,     5.18 MB ( 96%) used,   168.80 KB (  3%) free+waste,    28.81 KB ( <1%) overhead. 
       Both:     44.30 MB capacity,    43.80 MB ( 99%) used,   424.36 KB ( <1%) free+waste,    94.19 KB ( <1%) overhead. 

Virtual space:
  Non-class space:       40.00 MB reserved,      38.96 MB ( 97%) committed 
      Class space:        1.00 GB reserved,       5.45 MB ( <1%) committed 
             Both:        1.04 GB reserved,      44.40 MB (  4%) committed 

Chunk freelists:
   Non-Class:  33.00 KB
       Class:  30.00 KB
        Both:  63.00 KB

MaxMetaspaceSize: 17179869184.00 GB
CompressedClassSpaceSize: 1.00 GB
Initial GC threshold: 20.80 MB
Current GC threshold: 59.63 MB
CDS: off

CodeHeap 'non-profiled nmethods': size=120000Kb used=1273Kb max_used=1273Kb free=118727Kb
 bounds [0x0000027387ad0000, 0x0000027387d40000, 0x000002738f000000]
CodeHeap 'profiled nmethods': size=120000Kb used=6848Kb max_used=6848Kb free=113151Kb
 bounds [0x00000273805a0000, 0x0000027380c60000, 0x0000027387ad0000]
CodeHeap 'non-nmethods': size=5760Kb used=1270Kb max_used=1300Kb free=4489Kb
 bounds [0x0000027380000000, 0x0000027380270000, 0x00000273805a0000]
 total_blobs=3788 nmethods=3241 adapters=458
 compilation: enabled
              stopped_count=0, restarted_count=0
 full_count=0

Compilation events (20 events):
Event: 3.543 Thread 0x00000273ffb3b000 nmethod 3237 0x0000027380c33390 code [0x0000027380c33540, 0x0000027380c33658]
Event: 3.553 Thread 0x00000273ffb3b000 3238       3       sun.invoke.util.BytecodeDescriptor::unparseMethod (66 bytes)
Event: 3.554 Thread 0x00000273ffb3b000 nmethod 3238 0x0000027380c33710 code [0x0000027380c33980, 0x0000027380c34228]
Event: 3.554 Thread 0x00000273ffb3b000 3239       3       java.lang.String::lastIndexOf (12 bytes)
Event: 3.555 Thread 0x00000273ffb3b000 nmethod 3239 0x0000027380c34590 code [0x0000027380c34780, 0x0000027380c34b58]
Event: 3.557 Thread 0x00000273ffb3b000 3240       3       org.jetbrains.kotlin.com.intellij.util.pico.DefaultPicoContainer$InstanceComponentAdapter::getComponentInstance (5 bytes)
Event: 3.558 Thread 0x00000273ffb3b000 nmethod 3240 0x0000027380c34d10 code [0x0000027380c34ec0, 0x0000027380c34fb8]
Event: 3.558 Thread 0x00000273ffb3b000 3241       3       java.lang.invoke.TypeConvertingMethodAdapter::convertType (299 bytes)
Event: 3.564 Thread 0x00000273ffb3b000 nmethod 3241 0x0000027380c35090 code [0x0000027380c359a0, 0x0000027380c3a688]
Event: 3.564 Thread 0x00000273ffb3b000 3242   !   3       java.lang.invoke.MethodHandleNatives::linkMethodHandleConstant (50 bytes)
Event: 3.564 Thread 0x00000273ffb3b000 nmethod 3242 0x0000027380c3c290 code [0x0000027380c3c460, 0x0000027380c3c648]
Event: 3.564 Thread 0x00000273ffb3b000 3243       3       java.lang.invoke.MethodHandles$Lookup::linkMethodHandleConstant (220 bytes)
Event: 3.567 Thread 0x00000273ffb3b000 nmethod 3243 0x0000027380c3c810 code [0x0000027380c3cc00, 0x0000027380c3e798]
Event: 3.568 Thread 0x00000273ffb3b000 3247   !   3       org.jetbrains.kotlin.com.intellij.util.concurrency.AtomicFieldUpdater::compareAndSet (35 bytes)
Event: 3.569 Thread 0x00000273ffb3b000 nmethod 3247 0x0000027380c3f010 code [0x0000027380c3f260, 0x0000027380c3faf8]
Event: 3.569 Thread 0x00000273ffb3b000 3248       3       org.jetbrains.kotlin.com.intellij.extapi.psi.StubBasedPsiElementBase::getNode (122 bytes)
Event: 3.570 Thread 0x00000273ffb3b000 nmethod 3248 0x0000027380c3fe10 code [0x0000027380c400e0, 0x0000027380c40f28]
Event: 3.570 Thread 0x00000273ffb3b000 3249       3       org.jetbrains.kotlin.com.intellij.psi.impl.source.SubstrateRef$2::getNode (13 bytes)
Event: 3.570 Thread 0x00000273ffb3b000 nmethod 3249 0x0000027380c41210 code [0x0000027380c413c0, 0x0000027380c41548]
Event: 3.570 Thread 0x00000273ffb3b000 3250       3       org.jetbrains.kotlin.com.intellij.psi.impl.source.SourceTreeToPsiMap::treeElementToPsi (15 bytes)

GC Heap History (8 events):
Event: 0.521 GC heap before
{Heap before GC invocations=0 (full 0):
 garbage-first heap   total 129024K, used 27648K [0x0000000082400000, 0x0000000100000000)
  region size 1024K, 24 young (24576K), 0 survivors (0K)
 Metaspace       used 12228K, capacity 12318K, committed 12416K, reserved 1060864K
  class space    used 1109K, capacity 1145K, committed 1152K, reserved 1048576K
}
Event: 0.525 GC heap after
{Heap after GC invocations=1 (full 0):
 garbage-first heap   total 129024K, used 6366K [0x0000000082400000, 0x0000000100000000)
  region size 1024K, 3 young (3072K), 3 survivors (3072K)
 Metaspace       used 12228K, capacity 12318K, committed 12416K, reserved 1060864K
  class space    used 1109K, capacity 1145K, committed 1152K, reserved 1048576K
}
Event: 1.167 GC heap before
{Heap before GC invocations=1 (full 0):
 garbage-first heap   total 129024K, used 43230K [0x0000000082400000, 0x0000000100000000)
  region size 1024K, 40 young (40960K), 3 survivors (3072K)
 Metaspace       used 21024K, capacity 21202K, committed 21296K, reserved 1069056K
  class space    used 2234K, capacity 2309K, committed 2352K, reserved 1048576K
}
Event: 1.179 GC heap after
{Heap after GC invocations=2 (full 0):
 garbage-first heap   total 129024K, used 9777K [0x0000000082400000, 0x0000000100000000)
  region size 1024K, 7 young (7168K), 7 survivors (7168K)
 Metaspace       used 21024K, capacity 21202K, committed 21296K, reserved 1069056K
  class space    used 2234K, capacity 2309K, committed 2352K, reserved 1048576K
}
Event: 2.123 GC heap before
{Heap before GC invocations=3 (full 0):
 garbage-first heap   total 129024K, used 63025K [0x0000000082400000, 0x0000000100000000)
  region size 1024K, 54 young (55296K), 7 survivors (7168K)
 Metaspace       used 31691K, capacity 32172K, committed 32380K, reserved 1077248K
  class space    used 3894K, capacity 4082K, committed 4220K, reserved 1048576K
}
Event: 2.147 GC heap after
{Heap after GC invocations=4 (full 0):
 garbage-first heap   total 129024K, used 21295K [0x0000000082400000, 0x0000000100000000)
  region size 1024K, 7 young (7168K), 7 survivors (7168K)
 Metaspace       used 31691K, capacity 32172K, committed 32380K, reserved 1077248K
  class space    used 3894K, capacity 4082K, committed 4220K, reserved 1048576K
}
Event: 2.656 GC heap before
{Heap before GC invocations=4 (full 0):
 garbage-first heap   total 129024K, used 39727K [0x0000000082400000, 0x0000000100000000)
  region size 1024K, 26 young (26624K), 7 survivors (7168K)
 Metaspace       used 35549K, capacity 35932K, committed 36048K, reserved 1081344K
  class space    used 4393K, capacity 4568K, committed 4604K, reserved 1048576K
}
Event: 2.675 GC heap after
{Heap after GC invocations=5 (full 0):
 garbage-first heap   total 129024K, used 21814K [0x0000000082400000, 0x0000000100000000)
  region size 1024K, 3 young (3072K), 3 survivors (3072K)
 Metaspace       used 35549K, capacity 35932K, committed 36048K, reserved 1081344K
  class space    used 4393K, capacity 4568K, committed 4604K, reserved 1048576K
}

Deoptimization events (20 events):
Event: 3.434 Thread 0x00000273f3e70000 Uncommon trap: trap_request=0xffffff4d fr.pc=0x0000027387bfcd2c relative=0x000000000000016c
Event: 3.434 Thread 0x00000273f3e70000 Uncommon trap: reason=unstable_if action=reinterpret pc=0x0000027387bfcd2c method=org.jetbrains.kotlin.com.intellij.util.text.ImmutableText.charAt(I)C @ 6 c2
Event: 3.434 Thread 0x00000273f3e70000 DEOPT PACKING pc=0x0000027387bfcd2c sp=0x000000eeb97fc520
Event: 3.434 Thread 0x00000273f3e70000 DEOPT UNPACKING pc=0x000002738004a1af sp=0x000000eeb97fc440 mode 2
Event: 3.442 Thread 0x00000273f3e70000 Uncommon trap: trap_request=0xffffff4d fr.pc=0x0000027387bfd248 relative=0x0000000000000108
Event: 3.442 Thread 0x00000273f3e70000 Uncommon trap: reason=unstable_if action=reinterpret pc=0x0000027387bfd248 method=org.jetbrains.kotlin.com.intellij.util.text.ImmutableText.charAt(I)C @ 6 c2
Event: 3.442 Thread 0x00000273f3e70000 DEOPT PACKING pc=0x0000027387bfd248 sp=0x000000eeb97fc4c0
Event: 3.442 Thread 0x00000273f3e70000 DEOPT UNPACKING pc=0x000002738004a1af sp=0x000000eeb97fc458 mode 2
Event: 3.500 Thread 0x00000273f3e70000 Uncommon trap: trap_request=0xffffff4d fr.pc=0x0000027387c07994 relative=0x0000000000000b54
Event: 3.500 Thread 0x00000273f3e70000 Uncommon trap: reason=unstable_if action=reinterpret pc=0x0000027387c07994 method=org.jetbrains.kotlin.lexer._JetLexer.advance()Lorg/jetbrains/kotlin/com/intellij/psi/tree/IElementType; @ 403 c2
Event: 3.500 Thread 0x00000273f3e70000 DEOPT PACKING pc=0x0000027387c07994 sp=0x000000eeb97fc840
Event: 3.500 Thread 0x00000273f3e70000 DEOPT UNPACKING pc=0x000002738004a1af sp=0x000000eeb97fc7e0 mode 2
Event: 3.508 Thread 0x00000273f3e70000 Uncommon trap: trap_request=0xffffff4d fr.pc=0x0000027387c03928 relative=0x00000000000005e8
Event: 3.508 Thread 0x00000273f3e70000 Uncommon trap: reason=unstable_if action=reinterpret pc=0x0000027387c03928 method=org.jetbrains.kotlin.com.intellij.lang.impl.PsiBuilderImpl.skipWhitespace()V @ 51 c2
Event: 3.508 Thread 0x00000273f3e70000 DEOPT PACKING pc=0x0000027387c03928 sp=0x000000eeb97fc790
Event: 3.508 Thread 0x00000273f3e70000 DEOPT UNPACKING pc=0x000002738004a1af sp=0x000000eeb97fc638 mode 2
Event: 3.515 Thread 0x00000273f3e70000 Uncommon trap: trap_request=0xffffff4d fr.pc=0x0000027387bff7bc relative=0x000000000000011c
Event: 3.515 Thread 0x00000273f3e70000 Uncommon trap: reason=unstable_if action=reinterpret pc=0x0000027387bff7bc method=org.jetbrains.kotlin.com.intellij.psi.tree.TokenSet.contains(Lorg/jetbrains/kotlin/com/intellij/psi/tree/IElementType;)Z @ 1 c2
Event: 3.515 Thread 0x00000273f3e70000 DEOPT PACKING pc=0x0000027387bff7bc sp=0x000000eeb97fb7f0
Event: 3.515 Thread 0x00000273f3e70000 DEOPT UNPACKING pc=0x000002738004a1af sp=0x000000eeb97fb7a8 mode 2

Classes redefined (0 events):
No events

Internal exceptions (20 events):
Event: 1.230 Thread 0x00000273f3e70000 Exception <a 'java/lang/NoSuchMethodError'{0x0000000089ec6158}: 'int java.lang.invoke.DirectMethodHandle$Holder.invokeStaticInit(java.lang.Object, java.lang.Object, java.lang.Object)'> (0x0000000089ec6158) thrown at [./src/hotspot/share/interpreter/linkResolver.cpp, line 773]
Event: 1.236 Thread 0x00000273f3e70000 Exception <a 'java/lang/NoSuchMethodError'{0x0000000089ef1628}: 'int java.lang.invoke.DirectMethodHandle$Holder.invokeStaticInit(java.lang.Object, java.lang.Object)'> (0x0000000089ef1628) thrown at [./src/hotspot/share/interpreter/linkResolver.cpp, line 773]
Event: 1.282 Thread 0x00000273f3e70000 Exception <a 'java/lang/NoSuchMethodError'{0x0000000089b01610}: 'void java.lang.invoke.DirectMethodHandle$Holder.invokeSpecial(java.lang.Object, java.lang.Object)'> (0x0000000089b01610) thrown at [./src/hotspot/share/interpreter/linkResolver.cpp, line 773]
Event: 1.457 Thread 0x00000273f3e70000 Exception <a 'java/lang/NoSuchMethodError'{0x000000008939d5d8}: 'java.lang.Object java.lang.invoke.DirectMethodHandle$Holder.invokeStatic(java.lang.Object, java.lang.Object, java.lang.Object, java.lang.Object, java.lang.Object, java.lang.Object, java.lang.Object, java.lang.Object, java.lang.Object, java.lang.Object, java.lang.Object, java.lang.Object, java.lang.Object, java.lang.Object, java.lang.Object)'> (0x000000008939d5d8) thrown at [./src/hotspot/share/interpreter/linkResolver.cpp, line 773]
Event: 1.459 Thread 0x00000273f3e70000 Exception <a 'java/lang/NoSuchMethodError'{0x00000000893ab5e0}: 'java.lang.Object java.lang.invoke.DirectMethodHandle$Holder.invokeStatic(java.lang.Object, java.lang.Object, java.lang.Object, java.lang.Object, java.lang.Object, java.lang.Object, java.lang.Object, java.lang.Object, java.lang.Object, java.lang.Object, java.lang.Object, java.lang.Object, java.lang.Object, java.lang.Object, java.lang.Object, java.lang.Object)'> (0x00000000893ab5e0) thrown at [./src/hotspot/share/interpreter/linkResolver.cpp, l
Event: 1.461 Thread 0x00000273f3e70000 Exception <a 'java/lang/NoSuchMethodError'{0x00000000893b94f8}: 'java.lang.Object java.lang.invoke.DirectMethodHandle$Holder.invokeSpecial(java.lang.Object, java.lang.Object, int, int, java.lang.Object, java.lang.Object, java.lang.Object)'> (0x00000000893b94f8) thrown at [./src/hotspot/share/interpreter/linkResolver.cpp, line 773]
Event: 1.461 Thread 0x00000273f3e70000 Exception <a 'java/lang/NoSuchMethodError'{0x00000000893bcd30}: 'java.lang.Object java.lang.invoke.DelegatingMethodHandle$Holder.reinvoke_L(java.lang.Object, int, int, java.lang.Object, java.lang.Object, java.lang.Object)'> (0x00000000893bcd30) thrown at [./src/hotspot/share/interpreter/linkResolver.cpp, line 773]
Event: 1.461 Thread 0x00000273f3e70000 Exception <a 'java/lang/NoSuchMethodError'{0x00000000893c10b8}: 'java.lang.Object java.lang.invoke.DirectMethodHandle$Holder.invokeStatic(java.lang.Object, java.lang.Object, java.lang.Object, java.lang.Object, int)'> (0x00000000893c10b8) thrown at [./src/hotspot/share/interpreter/linkResolver.cpp, line 773]
Event: 1.502 Thread 0x00000273f3e70000 Exception <a 'java/lang/NoSuchMethodError'{0x00000000892e5788}: 'void java.lang.invoke.DirectMethodHandle$Holder.invokeStatic(java.lang.Object, java.lang.Object, java.lang.Object, java.lang.Object)'> (0x00000000892e5788) thrown at [./src/hotspot/share/interpreter/linkResolver.cpp, line 773]
Event: 1.565 Thread 0x00000273f3e70000 Exception <a 'java/lang/NoSuchMethodError'{0x0000000088ec39b0}: 'void java.lang.invoke.DirectMethodHandle$Holder.invokeStaticInit(java.lang.Object, java.lang.Object)'> (0x0000000088ec39b0) thrown at [./src/hotspot/share/interpreter/linkResolver.cpp, line 773]
Event: 1.644 Thread 0x00000273f3e70000 Exception <a 'java/lang/NoSuchMethodError'{0x0000000088ae9a08}: 'void java.lang.invoke.DirectMethodHandle$Holder.invokeVirtual(java.lang.Object, java.lang.Object)'> (0x0000000088ae9a08) thrown at [./src/hotspot/share/interpreter/linkResolver.cpp, line 773]
Event: 1.654 Thread 0x00000273f3e70000 Exception <a 'java/lang/NoSuchMethodError'{0x0000000088971e30}: 'int java.lang.invoke.DirectMethodHandle$Holder.invokeVirtual(java.lang.Object, java.lang.Object)'> (0x0000000088971e30) thrown at [./src/hotspot/share/interpreter/linkResolver.cpp, line 773]
Event: 2.608 Thread 0x00000273f3e70000 Exception <a 'java/lang/NoSuchMethodError'{0x00000000892eb840}: 'java.lang.Object java.lang.invoke.DirectMethodHandle$Holder.invokeVirtual(java.lang.Object, java.lang.Object, java.lang.Object)'> (0x00000000892eb840) thrown at [./src/hotspot/share/interpreter/linkResolver.cpp, line 773]
Event: 3.386 Thread 0x00000273f3e70000 Exception <a 'java/lang/NoSuchMethodError'{0x0000000087a8a650}: 'java.lang.Object java.lang.invoke.Invokers$Holder.linkToTargetMethod(java.lang.Object, int, java.lang.Object)'> (0x0000000087a8a650) thrown at [./src/hotspot/share/interpreter/linkResolver.cpp, line 773]
Event: 3.434 Thread 0x00000273f3e70000 Implicit null exception at 0x0000027387bfcbe1 to 0x0000027387bfcd10
Event: 3.442 Thread 0x00000273f3e70000 Implicit null exception at 0x0000027387bfd170 to 0x0000027387bfd230
Event: 3.515 Thread 0x00000273f3e70000 Implicit null exception at 0x0000027387bff6cc to 0x0000027387bff7a8
Event: 3.566 Thread 0x00000273f3e70000 Exception <a 'java/lang/NoSuchMethodError'{0x00000000876da5e0}: 'java.lang.Object java.lang.invoke.DirectMethodHandle$Holder.invokeStatic(java.lang.Object, java.lang.Object, java.lang.Object, int)'> (0x00000000876da5e0) thrown at [./src/hotspot/share/interpreter/linkResolver.cpp, line 773]
Event: 3.566 Thread 0x00000273f3e70000 Exception <a 'java/lang/NoSuchMethodError'{0x00000000876de250}: 'java.lang.Object java.lang.invoke.DirectMethodHandle$Holder.invokeSpecial(java.lang.Object, java.lang.Object, java.lang.Object, java.lang.Object, int)'> (0x00000000876de250) thrown at [./src/hotspot/share/interpreter/linkResolver.cpp, line 773]
Event: 3.566 Thread 0x00000273f3e70000 Exception <a 'java/lang/NoSuchMethodError'{0x00000000876e1560}: 'java.lang.Object java.lang.invoke.Invokers$Holder.linkToTargetMethod(java.lang.Object, java.lang.Object, int, java.lang.Object)'> (0x00000000876e1560) thrown at [./src/hotspot/share/interpreter/linkResolver.cpp, line 773]

Events (20 events):
Event: 3.565 loading class org/jetbrains/kotlin/resolve/lazy/descriptors/LazyClassDescriptor
Event: 3.565 loading class org/jetbrains/kotlin/resolve/lazy/descriptors/LazyClassDescriptor done
Event: 3.567 loading class org/jetbrains/kotlin/resolve/lazy/LazyClassContext
Event: 3.567 loading class org/jetbrains/kotlin/resolve/lazy/LazyClassContext done
Event: 3.567 loading class org/jetbrains/kotlin/resolve/lazy/descriptors/LazyClassDescriptor
Event: 3.567 loading class org/jetbrains/kotlin/resolve/lazy/descriptors/LazyClassDescriptor done
Event: 3.567 loading class org/jetbrains/kotlin/storage/LockBasedLazyResolveStorageManager$LockProtectedContext$get$1
Event: 3.567 loading class org/jetbrains/kotlin/storage/LockBasedLazyResolveStorageManager$LockProtectedContext$get$1 done
Event: 3.567 loading class org/jetbrains/kotlin/psi/KtDeclaration
Event: 3.567 loading class org/jetbrains/kotlin/psi/KtDeclaration done
Event: 3.567 loading class org/jetbrains/kotlin/psi/KtDeclaration
Event: 3.568 loading class org/jetbrains/kotlin/psi/KtDeclaration done
Event: 3.568 loading class org/jetbrains/kotlin/com/intellij/util/ArrayFactory
Event: 3.568 loading class org/jetbrains/kotlin/com/intellij/util/ArrayFactory done
Event: 3.568 loading class org/jetbrains/kotlin/psi/KtNamedDeclarationUtil
Event: 3.568 loading class org/jetbrains/kotlin/psi/KtNamedDeclarationUtil done
Event: 3.569 loading class org/jetbrains/kotlin/resolve/jvm/checkers/JvmSimpleNameBacktickChecker$checkIdentifier$1
Event: 3.569 loading class org/jetbrains/kotlin/resolve/jvm/checkers/JvmSimpleNameBacktickChecker$checkIdentifier$1 done
Event: 3.570 loading class org/jetbrains/kotlin/resolve/scopes/receivers/PackageQualifier
Event: 3.570 loading class org/jetbrains/kotlin/resolve/scopes/receivers/PackageQualifier done


Dynamic libraries:
0x00007ff6b7160000 - 0x00007ff6b716a000 	D:\Coding\Android studio\jre\bin\java.exe
0x00007ffdf7120000 - 0x00007ffdf7329000 	C:\WINDOWS\SYSTEM32\ntdll.dll
0x00007ffdf64e0000 - 0x00007ffdf659d000 	C:\WINDOWS\System32\KERNEL32.DLL
0x00007ffdf46f0000 - 0x00007ffdf4a69000 	C:\WINDOWS\System32\KERNELBASE.dll
0x00007ffdf4c10000 - 0x00007ffdf4d21000 	C:\WINDOWS\System32\ucrtbase.dll
0x00007ffddd390000 - 0x00007ffddd3a9000 	D:\Coding\Android studio\jre\bin\jli.dll
0x00007ffde0640000 - 0x00007ffde0657000 	D:\Coding\Android studio\jre\bin\VCRUNTIME140.dll
0x00007ffdf6290000 - 0x00007ffdf643c000 	C:\WINDOWS\System32\USER32.dll
0x00007ffdf46c0000 - 0x00007ffdf46e6000 	C:\WINDOWS\System32\win32u.dll
0x00007ffdf5ed0000 - 0x00007ffdf5ef9000 	C:\WINDOWS\System32\GDI32.dll
0x00007ffdf4af0000 - 0x00007ffdf4c02000 	C:\WINDOWS\System32\gdi32full.dll
0x00007ffdeb460000 - 0x00007ffdeb705000 	C:\WINDOWS\WinSxS\amd64_microsoft.windows.common-controls_6595b64144ccf1df_6.0.22000.120_none_9d947278b86cc467\COMCTL32.dll
0x00007ffdf4f10000 - 0x00007ffdf4fad000 	C:\WINDOWS\System32\msvcp_win.dll
0x00007ffdf6f00000 - 0x00007ffdf6fa3000 	C:\WINDOWS\System32\msvcrt.dll
0x00007ffdf64a0000 - 0x00007ffdf64d1000 	C:\WINDOWS\System32\IMM32.DLL
0x00007ffdac980000 - 0x00007ffdaca1d000 	D:\Coding\Android studio\jre\bin\msvcp140.dll
0x00007ffd95ce0000 - 0x00007ffd967c5000 	D:\Coding\Android studio\jre\bin\server\jvm.dll
0x00007ffdf68f0000 - 0x00007ffdf699e000 	C:\WINDOWS\System32\ADVAPI32.dll
0x00007ffdf6a30000 - 0x00007ffdf6ace000 	C:\WINDOWS\System32\sechost.dll
0x00007ffdf55d0000 - 0x00007ffdf56f0000 	C:\WINDOWS\System32\RPCRT4.dll
0x00007ffdf70c0000 - 0x00007ffdf70c8000 	C:\WINDOWS\System32\PSAPI.DLL
0x00007ffdee3f0000 - 0x00007ffdee423000 	C:\WINDOWS\SYSTEM32\WINMM.dll
0x00007ffde2bf0000 - 0x00007ffde2bf9000 	C:\WINDOWS\SYSTEM32\WSOCK32.dll
0x00007ffde4580000 - 0x00007ffde458a000 	C:\WINDOWS\SYSTEM32\VERSION.dll
0x00007ffdf66d0000 - 0x00007ffdf673f000 	C:\WINDOWS\System32\WS2_32.dll
0x00007ffdf37f0000 - 0x00007ffdf3808000 	C:\WINDOWS\SYSTEM32\kernel.appcore.dll
0x00007ffdee4e0000 - 0x00007ffdee4f1000 	D:\Coding\Android studio\jre\bin\verify.dll
0x00007ffdf1bf0000 - 0x00007ffdf1e11000 	C:\WINDOWS\SYSTEM32\DBGHELP.DLL
0x00007ffde56c0000 - 0x00007ffde56f1000 	C:\WINDOWS\SYSTEM32\dbgcore.DLL
0x00007ffdf4a70000 - 0x00007ffdf4aef000 	C:\WINDOWS\System32\bcryptPrimitives.dll
0x00007ffde0610000 - 0x00007ffde0639000 	D:\Coding\Android studio\jre\bin\java.dll
0x00007ffde54e0000 - 0x00007ffde54eb000 	D:\Coding\Android studio\jre\bin\jimage.dll
0x00007ffde05f0000 - 0x00007ffde0608000 	D:\Coding\Android studio\jre\bin\zip.dll
0x00007ffdf56f0000 - 0x00007ffdf5ea8000 	C:\WINDOWS\System32\SHELL32.dll
0x00007ffdf2780000 - 0x00007ffdf2fe7000 	C:\WINDOWS\SYSTEM32\windows.storage.dll
0x00007ffdf6b80000 - 0x00007ffdf6ef9000 	C:\WINDOWS\System32\combase.dll
0x00007ffdf2610000 - 0x00007ffdf2776000 	C:\WINDOWS\SYSTEM32\wintypes.dll
0x00007ffdf5f00000 - 0x00007ffdf5fea000 	C:\WINDOWS\System32\SHCORE.dll
0x00007ffdf6440000 - 0x00007ffdf649d000 	C:\WINDOWS\System32\shlwapi.dll
0x00007ffdf4530000 - 0x00007ffdf4551000 	C:\WINDOWS\SYSTEM32\profapi.dll
0x00007ffde05d0000 - 0x00007ffde05ea000 	D:\Coding\Android studio\jre\bin\net.dll
0x00007ffded0d0000 - 0x00007ffded1dc000 	C:\WINDOWS\SYSTEM32\WINHTTP.dll
0x00007ffdf3c20000 - 0x00007ffdf3c87000 	C:\WINDOWS\system32\mswsock.dll
0x00007ffdd6c30000 - 0x00007ffdd6c44000 	D:\Coding\Android studio\jre\bin\nio.dll

dbghelp: loaded successfully - version: 4.0.5 - missing functions: none
symbol engine: initialized successfully - sym options: 0x614 - pdb path: .;D:\Coding\Android studio\jre\bin;C:\WINDOWS\SYSTEM32;C:\WINDOWS\WinSxS\amd64_microsoft.windows.common-controls_6595b64144ccf1df_6.0.22000.120_none_9d947278b86cc467;D:\Coding\Android studio\jre\bin\server

VM Arguments:
java_command: org.jetbrains.kotlin.cli.jvm.K2JVMCompiler @D:\Coding\My Projects\FreedomCry\app\build\20220803_10560659962653013002.compiler.options
java_class_path (initial): D:\Coding\Gradle\caches\modules-2\files-2.1\org.jetbrains.kotlin\kotlin-compiler-embeddable\1.7.10\909803167c98606fcf22b4c848647c68e351d48d\kotlin-compiler-embeddable-1.7.10.jar;D:\Coding\Gradle\caches\modules-2\files-2.1\org.jetbrains.kotlin\kotlin-reflect\1.7.10\165e600dfea6185cf5efa700756294cc4904dbeb\kotlin-reflect-1.7.10.jar;D:\Coding\Gradle\caches\modules-2\files-2.1\org.jetbrains.kotlin\kotlin-stdlib\1.7.10\d2abf9e77736acc4450dc4a3f707fa2c10f5099d\kotlin-stdlib-1.7.10.jar;D:\Coding\Gradle\caches\modules-2\files-2.1\org.jetbrains.kotlin\kotlin-script-runtime\1.7.10\c99c87a6988d8fd8d5142e9ed5c9f34a7cf561ee\kotlin-script-runtime-1.7.10.jar;D:\Coding\Gradle\caches\modules-2\files-2.1\org.jetbrains.kotlin\kotlin-daemon-embeddable\1.7.10\3a9f7aef7080d3ae63126cbba4f827ed664f32fa\kotlin-daemon-embeddable-1.7.10.jar;D:\Coding\Gradle\caches\modules-2\files-2.1\org.jetbrains.intellij.deps\trove4j\1.0.20200330\3afb14d5f9ceb459d724e907a21145e8ff394f02\trove4j-1.0.20200330.jar;D:\Coding\Gradle\caches\modules-2\files-2.1\net.java.dev.jna\jna\5.6.0\330f2244e9030119ab3030fc3fededc86713d9cc\jna-5.6.0.jar;D:\Coding\Gradle\caches\modules-2\files-2.1\org.jetbrains.kotlin\kotlin-stdlib-common\1.7.10\bac80c520d0a9e3f3673bc2658c6ed02ef45a76a\kotlin-stdlib-common-1.7.10.jar;D:\Coding\Gradle\caches\modules-2\files-2.1\org.jetbrains\annotations\13.0\919f0dfe192fb4e063e7dacadee7f8bb9a2672a9\annotations-13.0.jar
Launcher Type: SUN_STANDARD

[Global flags]
     intx CICompilerCount                          = 4                                         {product} {ergonomic}
     uint ConcGCThreads                            = 2                                         {product} {ergonomic}
     uint G1ConcRefinementThreads                  = 8                                         {product} {ergonomic}
   size_t G1HeapRegionSize                         = 1048576                                   {product} {ergonomic}
    uintx GCDrainStackTargetSize                   = 64                                        {product} {ergonomic}
   size_t InitialHeapSize                          = 132120576                                 {product} {ergonomic}
   size_t MarkStackSize                            = 4194304                                   {product} {ergonomic}
   size_t MaxHeapSize                              = 2109734912                                {product} {ergonomic}
   size_t MaxNewSize                               = 1265631232                                {product} {ergonomic}
   size_t MinHeapDeltaBytes                        = 1048576                                   {product} {ergonomic}
    uintx NonNMethodCodeHeapSize                   = 5836300                                {pd product} {ergonomic}
    uintx NonProfiledCodeHeapSize                  = 122910970                              {pd product} {ergonomic}
    uintx ProfiledCodeHeapSize                     = 122910970                              {pd product} {ergonomic}
    uintx ReservedCodeCacheSize                    = 251658240                              {pd product} {ergonomic}
     bool SegmentedCodeCache                       = true                                      {product} {ergonomic}
     bool UseCompressedClassPointers               = true                                 {lp64_product} {ergonomic}
     bool UseCompressedOops                        = true                                 {lp64_product} {ergonomic}
     bool UseG1GC                                  = true                                      {product} {ergonomic}
     bool UseLargePagesIndividualAllocation        = false                                  {pd product} {ergonomic}

Logging:
Log output configuration:
 #0: stdout all=warning uptime,level,tags
 #1: stderr all=off uptime,level,tags

Environment Variables:
JAVA_HOME=D:\Coding\Android Studio\jre
PATH=C:\Program Files (x86)\Common Files\Oracle\Java\javapath;C:\Windows\system32;C:\Windows;C:\Windows\System32\Wbem;C:\Windows\System32\WindowsPowerShell\v1.0\;C:\Windows\System32\OpenSSH\;C:\Program Files\NVIDIA Corporation\NVIDIA NvDLISR;C:\WINDOWS\system32;C:\WINDOWS;C:\WINDOWS\System32\Wbem;C:\WINDOWS\System32\WindowsPowerShell\v1.0\;C:\WINDOWS\System32\OpenSSH\;D:\Coding\Git\cmd;C:\Program Files (x86)\NVIDIA Corporation\PhysX\Common;C:\WINDOWS\system32;C:\WINDOWS;C:\WINDOWS\System32\Wbem;C:\WINDOWS\System32\WindowsPowerShell\v1.0\;C:\WINDOWS\System32\OpenSSH\;C:\Users\User\AppData\Local\Microsoft\WindowsApps;D:\Coding\IntelliJ IDEA Community Edition 2021.1\bin;;C:\Users\User\AppData\Local\GitHubDesktop\bin;
USERNAME=User
OS=Windows_NT
PROCESSOR_IDENTIFIER=Intel64 Family 6 Model 142 Stepping 11, GenuineIntel



---------------  S Y S T E M  ---------------

OS: Windows 10 , 64 bit Build 22000 (10.0.22000.708)
OS uptime: 5 days 20:22 hours

CPU:total 8 (initial active 8) (4 cores per cpu, 2 threads per core) family 6 model 142 stepping 11 microcode 0xde, cmov, cx8, fxsr, mmx, sse, sse2, sse3, ssse3, sse4.1, sse4.2, popcnt, avx, avx2, aes, clmul, erms, 3dnowpref, lzcnt, ht, tsc, tscinvbit, bmi1, bmi2, adx, fma

Memory: 4k page, system-wide physical 8043M (425M free)
TotalPageFile size 20387M (AvailPageFile size 6M)
current process WorkingSet (physical memory assigned to process): 223M, peak: 223M
current process commit charge ("private bytes"): 308M, peak: 309M

vm_info: OpenJDK 64-Bit Server VM (11.0.12+7-b1504.28-7817840) for windows-amd64 JRE (11.0.12+7-b1504.28-7817840), built on Oct 13 2021 22:12:33 by "builder" with MS VC++ 14.0 (VS2015)

END.
