#
# There is insufficient memory for the Java Runtime Environment to continue.
# Native memory allocation (malloc) failed to allocate 1950256 bytes for Chunk::new
# Possible reasons:
#   The system is out of physical RAM or swap space
#   The process is running with CompressedOops enabled, and the Java Heap may be blocking the growth of the native heap
# Possible solutions:
#   Reduce memory load on the system
#   Increase physical memory or swap space
#   Check if swap backing store is full
#   Decrease Java heap size (-Xmx/-Xms)
#   Decrease number of Java threads
#   Decrease Java thread stack sizes (-Xss)
#   Set larger code cache with -XX:ReservedCodeCacheSize=
#   JVM is running with Unscaled Compressed Oops mode in which the Java heap is
#     placed in the first 4GB address space. The Java Heap base address is the
#     maximum limit for the native heap growth. Please use -XX:HeapBaseMinAddress
#     to set the Java Heap base and to place the Java Heap above 4GB virtual address.
# This output file may be truncated or incomplete.
#
#  Out of Memory Error (./src/hotspot/share/memory/arena.cpp:197), pid=19768, tid=9292
#
# JRE version: OpenJDK Runtime Environment (11.0.12+7) (build 11.0.12+7-b1504.28-7817840)
# Java VM: OpenJDK 64-Bit Server VM (11.0.12+7-b1504.28-7817840, mixed mode, tiered, compressed oops, g1 gc, windows-amd64)
# No core dump will be written. Minidumps are not enabled by default on client versions of Windows
#

---------------  S U M M A R Y ------------

Command Line: org.jetbrains.kotlin.cli.jvm.K2JVMCompiler @D:\Coding\My Projects\FreedomCry\app\build\20220803_10149400579528746522.compiler.options

Host: Intel(R) Core(TM) i5-8265U CPU @ 1.60GHz, 8 cores, 7G,  Windows 10 , 64 bit Build 22000 (10.0.22000.708)
Time: Wed Aug  3 14:45:10 2022 FLE Daylight Time elapsed time: 14.997995 seconds (0d 0h 0m 14s)

---------------  T H R E A D  ---------------

Current thread (0x000001fc2d156000):  JavaThread "C2 CompilerThread0" daemon [_thread_in_native, id=9292, stack(0x000000a93c600000,0x000000a93c700000)]


Current CompileTask:
C2:  14998 13659       4       org.jetbrains.kotlin.ir.util.TypeTranslator::translateType (621 bytes)

Stack: [0x000000a93c600000,0x000000a93c700000]
Native frames: (J=compiled Java code, j=interpreted, Vv=VM code, C=native code)
V  [jvm.dll+0x5fbcea]
V  [jvm.dll+0x731905]
V  [jvm.dll+0x732f1d]
V  [jvm.dll+0x7335d3]
V  [jvm.dll+0x247bf8]
V  [jvm.dll+0xc018c]
V  [jvm.dll+0xc06cc]
V  [jvm.dll+0x35b2db]
V  [jvm.dll+0x328803]
V  [jvm.dll+0x327cfa]
V  [jvm.dll+0x200602]
V  [jvm.dll+0x1ff794]
V  [jvm.dll+0x18868c]
V  [jvm.dll+0x20e0d7]
V  [jvm.dll+0x20c901]
V  [jvm.dll+0x6f9b7f]
V  [jvm.dll+0x6f26a5]
V  [jvm.dll+0x5fabf6]
C  [ucrtbase.dll+0x26c0c]
C  [KERNEL32.DLL+0x154e0]
C  [ntdll.dll+0x485b]


---------------  P R O C E S S  ---------------

Threads class SMR info:
_java_thread_list=0x000001fc32d03200, length=10, elements={
0x000001fc10d1e000, 0x000001fc2d126800, 0x000001fc2d130000, 0x000001fc2d141800,
0x000001fc2d144800, 0x000001fc2d147800, 0x000001fc2d156000, 0x000001fc2d157000,
0x000001fc2d158800, 0x000001fc2dbff800
}

Java Threads: ( => current thread )
  0x000001fc10d1e000 JavaThread "main" [_thread_in_vm, id=6412, stack(0x000000a93ba00000,0x000000a93bb00000)]
  0x000001fc2d126800 JavaThread "Reference Handler" daemon [_thread_blocked, id=11220, stack(0x000000a93c100000,0x000000a93c200000)]
  0x000001fc2d130000 JavaThread "Finalizer" daemon [_thread_blocked, id=7384, stack(0x000000a93c200000,0x000000a93c300000)]
  0x000001fc2d141800 JavaThread "Signal Dispatcher" daemon [_thread_blocked, id=12676, stack(0x000000a93c300000,0x000000a93c400000)]
  0x000001fc2d144800 JavaThread "Attach Listener" daemon [_thread_blocked, id=20476, stack(0x000000a93c400000,0x000000a93c500000)]
  0x000001fc2d147800 JavaThread "Service Thread" daemon [_thread_blocked, id=5908, stack(0x000000a93c500000,0x000000a93c600000)]
=>0x000001fc2d156000 JavaThread "C2 CompilerThread0" daemon [_thread_in_native, id=9292, stack(0x000000a93c600000,0x000000a93c700000)]
  0x000001fc2d157000 JavaThread "C1 CompilerThread0" daemon [_thread_blocked, id=1276, stack(0x000000a93c700000,0x000000a93c800000)]
  0x000001fc2d158800 JavaThread "Sweeper thread" daemon [_thread_blocked, id=11224, stack(0x000000a93c800000,0x000000a93c900000)]
  0x000001fc2dbff800 JavaThread "Common-Cleaner" daemon [_thread_blocked, id=8080, stack(0x000000a93ca00000,0x000000a93cb00000)]

Other Threads:
  0x000001fc2d125000 VMThread "VM Thread" [stack: 0x000000a93c000000,0x000000a93c100000] [id=3368]
  0x000001fc2dbf7000 WatcherThread [stack: 0x000000a93c900000,0x000000a93ca00000] [id=11520]
  0x000001fc12e05800 GCTaskThread "GC Thread#0" [stack: 0x000000a93bb00000,0x000000a93bc00000] [id=2016]
  0x000001fc2e2ae800 GCTaskThread "GC Thread#1" [stack: 0x000000a93cd00000,0x000000a93ce00000] [id=2936]
  0x000001fc2e2af000 GCTaskThread "GC Thread#2" [stack: 0x000000a93ce00000,0x000000a93cf00000] [id=3784]
  0x000001fc325ac800 GCTaskThread "GC Thread#3" [stack: 0x000000a93cb00000,0x000000a93cc00000] [id=17332]
  0x000001fc12e35000 ConcurrentGCThread "G1 Main Marker" [stack: 0x000000a93bc00000,0x000000a93bd00000] [id=17276]
  0x000001fc12e36800 ConcurrentGCThread "G1 Conc#0" [stack: 0x000000a93bd00000,0x000000a93be00000] [id=16388]
  0x000001fc2eda0800 ConcurrentGCThread "G1 Conc#1" [stack: 0x000000a93cc00000,0x000000a93cd00000] [id=17988]
  0x000001fc2cf70800 ConcurrentGCThread "G1 Refine#0" [stack: 0x000000a93be00000,0x000000a93bf00000] [id=5824]
  0x000001fc30a10800 ConcurrentGCThread "G1 Refine#1" [stack: 0x000000a93cf00000,0x000000a93d000000] [id=10608]
  0x000001fc2cf71800 ConcurrentGCThread "G1 Young RemSet Sampling" [stack: 0x000000a93bf00000,0x000000a93c000000] [id=4580]

Threads with active compile tasks:
C2 CompilerThread0  15052 13659       4       org.jetbrains.kotlin.ir.util.TypeTranslator::translateType (621 bytes)

VM state:not at safepoint (normal execution)

VM Mutex/Monitor currently owned by a thread: None

Heap address: 0x0000000082400000, size: 2012 MB, Compressed Oops mode: 32-bit
Narrow klass base: 0x0000000000000000, Narrow klass shift: 3
Compressed class space size: 1073741824 Address: 0x0000000100000000

Heap:
 garbage-first heap   total 237568K, used 123342K [0x0000000082400000, 0x0000000100000000)
  region size 1024K, 44 young (45056K), 5 survivors (5120K)
 Metaspace       used 83942K, capacity 84876K, committed 85224K, reserved 1124352K
  class space    used 9021K, capacity 9406K, committed 9520K, reserved 1048576K
Heap Regions: E=young(eden), S=young(survivor), O=old, HS=humongous(starts), HC=humongous(continues), CS=collection set, F=free, A=archive, TAMS=top-at-mark-start (previous, next)
|   0|0x0000000082400000, 0x0000000082500000, 0x0000000082500000|100%|HS|  |TAMS 0x0000000082500000, 0x0000000082400000| Complete 
|   1|0x0000000082500000, 0x0000000082600000, 0x0000000082600000|100%|HC|  |TAMS 0x0000000082600000, 0x0000000082500000| Complete 
|   2|0x0000000082600000, 0x0000000082700000, 0x0000000082700000|100%|HC|  |TAMS 0x0000000082700000, 0x0000000082600000| Complete 
|   3|0x0000000082700000, 0x0000000082800000, 0x0000000082800000|100%| O|  |TAMS 0x0000000082800000, 0x0000000082700000| Untracked 
|   4|0x0000000082800000, 0x0000000082900000, 0x0000000082900000|100%| O|  |TAMS 0x0000000082900000, 0x0000000082800000| Untracked 
|   5|0x0000000082900000, 0x0000000082a00000, 0x0000000082a00000|100%|HS|  |TAMS 0x0000000082a00000, 0x0000000082900000| Complete 
|   6|0x0000000082a00000, 0x0000000082b00000, 0x0000000082b00000|100%|HC|  |TAMS 0x0000000082b00000, 0x0000000082a00000| Complete 
|   7|0x0000000082b00000, 0x0000000082c00000, 0x0000000082c00000|100%|HC|  |TAMS 0x0000000082c00000, 0x0000000082b00000| Complete 
|   8|0x0000000082c00000, 0x0000000082d00000, 0x0000000082d00000|100%|HS|  |TAMS 0x0000000082d00000, 0x0000000082c00000| Complete 
|   9|0x0000000082d00000, 0x0000000082e00000, 0x0000000082e00000|100%|HC|  |TAMS 0x0000000082e00000, 0x0000000082d00000| Complete 
|  10|0x0000000082e00000, 0x0000000082f00000, 0x0000000082f00000|100%| O|  |TAMS 0x0000000082f00000, 0x0000000082e00000| Untracked 
|  11|0x0000000082f00000, 0x0000000083000000, 0x0000000083000000|100%| O|  |TAMS 0x0000000083000000, 0x0000000082f00000| Untracked 
|  12|0x0000000083000000, 0x0000000083100000, 0x0000000083100000|100%| O|  |TAMS 0x0000000083100000, 0x0000000083000000| Untracked 
|  13|0x0000000083100000, 0x0000000083200000, 0x0000000083200000|100%| O|  |TAMS 0x0000000083200000, 0x0000000083100000| Untracked 
|  14|0x0000000083200000, 0x0000000083300000, 0x0000000083300000|100%| O|  |TAMS 0x0000000083300000, 0x0000000083200000| Untracked 
|  15|0x0000000083300000, 0x0000000083400000, 0x0000000083400000|100%| O|  |TAMS 0x0000000083400000, 0x0000000083300000| Untracked 
|  16|0x0000000083400000, 0x0000000083500000, 0x0000000083500000|100%| O|  |TAMS 0x0000000083500000, 0x0000000083400000| Untracked 
|  17|0x0000000083500000, 0x0000000083600000, 0x0000000083600000|100%| O|  |TAMS 0x0000000083600000, 0x0000000083500000| Untracked 
|  18|0x0000000083600000, 0x0000000083700000, 0x0000000083700000|100%| O|  |TAMS 0x0000000083700000, 0x0000000083600000| Untracked 
|  19|0x0000000083700000, 0x0000000083800000, 0x0000000083800000|100%| O|  |TAMS 0x0000000083800000, 0x0000000083700000| Untracked 
|  20|0x0000000083800000, 0x0000000083900000, 0x0000000083900000|100%| O|  |TAMS 0x0000000083900000, 0x0000000083800000| Untracked 
|  21|0x0000000083900000, 0x0000000083a00000, 0x0000000083a00000|100%| O|  |TAMS 0x0000000083a00000, 0x0000000083900000| Untracked 
|  22|0x0000000083a00000, 0x0000000083b00000, 0x0000000083b00000|100%| O|  |TAMS 0x0000000083b00000, 0x0000000083a00000| Untracked 
|  23|0x0000000083b00000, 0x0000000083c00000, 0x0000000083c00000|100%| O|  |TAMS 0x0000000083c00000, 0x0000000083b00000| Untracked 
|  24|0x0000000083c00000, 0x0000000083d00000, 0x0000000083d00000|100%| O|  |TAMS 0x0000000083d00000, 0x0000000083c00000| Untracked 
|  25|0x0000000083d00000, 0x0000000083e00000, 0x0000000083e00000|100%| O|  |TAMS 0x0000000083e00000, 0x0000000083d00000| Untracked 
|  26|0x0000000083e00000, 0x0000000083f00000, 0x0000000083f00000|100%| O|  |TAMS 0x0000000083f00000, 0x0000000083e00000| Untracked 
|  27|0x0000000083f00000, 0x0000000084000000, 0x0000000084000000|100%| O|  |TAMS 0x0000000084000000, 0x0000000083f00000| Untracked 
|  28|0x0000000084000000, 0x0000000084100000, 0x0000000084100000|100%| O|  |TAMS 0x0000000084100000, 0x0000000084000000| Untracked 
|  29|0x0000000084100000, 0x0000000084200000, 0x0000000084200000|100%| O|  |TAMS 0x0000000084200000, 0x0000000084100000| Untracked 
|  30|0x0000000084200000, 0x0000000084300000, 0x0000000084300000|100%| O|  |TAMS 0x0000000084300000, 0x0000000084200000| Untracked 
|  31|0x0000000084300000, 0x0000000084400000, 0x0000000084400000|100%| O|  |TAMS 0x0000000084400000, 0x0000000084300000| Untracked 
|  32|0x0000000084400000, 0x0000000084500000, 0x0000000084500000|100%| O|  |TAMS 0x0000000084500000, 0x0000000084400000| Untracked 
|  33|0x0000000084500000, 0x0000000084600000, 0x0000000084600000|100%| O|  |TAMS 0x0000000084600000, 0x0000000084500000| Untracked 
|  34|0x0000000084600000, 0x0000000084700000, 0x0000000084700000|100%| O|  |TAMS 0x0000000084700000, 0x0000000084600000| Untracked 
|  35|0x0000000084700000, 0x0000000084800000, 0x0000000084800000|100%| O|  |TAMS 0x0000000084800000, 0x0000000084700000| Untracked 
|  36|0x0000000084800000, 0x0000000084900000, 0x0000000084900000|100%| O|  |TAMS 0x0000000084900000, 0x0000000084800000| Untracked 
|  37|0x0000000084900000, 0x0000000084a00000, 0x0000000084a00000|100%| O|  |TAMS 0x0000000084a00000, 0x0000000084900000| Untracked 
|  38|0x0000000084a00000, 0x0000000084b00000, 0x0000000084b00000|100%| O|  |TAMS 0x0000000084b00000, 0x0000000084a00000| Untracked 
|  39|0x0000000084b00000, 0x0000000084c00000, 0x0000000084c00000|100%| O|  |TAMS 0x0000000084c00000, 0x0000000084b00000| Untracked 
|  40|0x0000000084c00000, 0x0000000084d00000, 0x0000000084d00000|100%| O|  |TAMS 0x0000000084d00000, 0x0000000084c00000| Untracked 
|  41|0x0000000084d00000, 0x0000000084e00000, 0x0000000084e00000|100%| O|  |TAMS 0x0000000084e00000, 0x0000000084d00000| Untracked 
|  42|0x0000000084e00000, 0x0000000084f00000, 0x0000000084f00000|100%| O|  |TAMS 0x0000000084f00000, 0x0000000084e00000| Untracked 
|  43|0x0000000084f00000, 0x0000000085000000, 0x0000000085000000|100%| O|  |TAMS 0x0000000085000000, 0x0000000084f00000| Untracked 
|  44|0x0000000085000000, 0x0000000085100000, 0x0000000085100000|100%| O|  |TAMS 0x0000000085100000, 0x0000000085000000| Untracked 
|  45|0x0000000085100000, 0x0000000085200000, 0x0000000085200000|100%| O|  |TAMS 0x0000000085200000, 0x0000000085100000| Untracked 
|  46|0x0000000085200000, 0x0000000085300000, 0x0000000085300000|100%| O|  |TAMS 0x0000000085300000, 0x0000000085200000| Untracked 
|  47|0x0000000085300000, 0x0000000085400000, 0x0000000085400000|100%| O|  |TAMS 0x0000000085400000, 0x0000000085300000| Untracked 
|  48|0x0000000085400000, 0x0000000085500000, 0x0000000085500000|100%| O|  |TAMS 0x0000000085500000, 0x0000000085400000| Untracked 
|  49|0x0000000085500000, 0x0000000085600000, 0x0000000085600000|100%| O|  |TAMS 0x0000000085600000, 0x0000000085500000| Untracked 
|  50|0x0000000085600000, 0x0000000085700000, 0x0000000085700000|100%| O|  |TAMS 0x0000000085600000, 0x0000000085600000| Untracked 
|  51|0x0000000085700000, 0x0000000085800000, 0x0000000085800000|100%| O|  |TAMS 0x0000000085800000, 0x0000000085700000| Untracked 
|  52|0x0000000085800000, 0x0000000085900000, 0x0000000085900000|100%| O|  |TAMS 0x0000000085846c00, 0x0000000085800000| Untracked 
|  53|0x0000000085900000, 0x0000000085a00000, 0x0000000085a00000|100%| O|  |TAMS 0x0000000085900000, 0x0000000085900000| Untracked 
|  54|0x0000000085a00000, 0x0000000085b00000, 0x0000000085b00000|100%| O|  |TAMS 0x0000000085a00000, 0x0000000085a00000| Untracked 
|  55|0x0000000085b00000, 0x0000000085c00000, 0x0000000085c00000|100%| O|  |TAMS 0x0000000085b00000, 0x0000000085b00000| Untracked 
|  56|0x0000000085c00000, 0x0000000085d00000, 0x0000000085d00000|100%| O|  |TAMS 0x0000000085c00000, 0x0000000085c00000| Untracked 
|  57|0x0000000085d00000, 0x0000000085e00000, 0x0000000085e00000|100%| O|  |TAMS 0x0000000085d00000, 0x0000000085d00000| Untracked 
|  58|0x0000000085e00000, 0x0000000085f00000, 0x0000000085f00000|100%| O|  |TAMS 0x0000000085e00000, 0x0000000085e00000| Untracked 
|  59|0x0000000085f00000, 0x0000000086000000, 0x0000000086000000|100%| O|  |TAMS 0x0000000085f00000, 0x0000000085f00000| Untracked 
|  60|0x0000000086000000, 0x0000000086100000, 0x0000000086100000|100%| O|  |TAMS 0x0000000086000000, 0x0000000086000000| Untracked 
|  61|0x0000000086100000, 0x0000000086200000, 0x0000000086200000|100%| O|  |TAMS 0x0000000086100000, 0x0000000086100000| Untracked 
|  62|0x0000000086200000, 0x0000000086300000, 0x0000000086300000|100%| O|  |TAMS 0x0000000086200000, 0x0000000086200000| Untracked 
|  63|0x0000000086300000, 0x0000000086400000, 0x0000000086400000|100%| O|  |TAMS 0x0000000086300000, 0x0000000086300000| Untracked 
|  64|0x0000000086400000, 0x0000000086500000, 0x0000000086500000|100%| O|  |TAMS 0x0000000086400000, 0x0000000086400000| Untracked 
|  65|0x0000000086500000, 0x0000000086600000, 0x0000000086600000|100%| O|  |TAMS 0x0000000086500000, 0x0000000086500000| Untracked 
|  66|0x0000000086600000, 0x0000000086700000, 0x0000000086700000|100%| O|  |TAMS 0x0000000086600000, 0x0000000086600000| Untracked 
|  67|0x0000000086700000, 0x0000000086800000, 0x0000000086800000|100%| O|  |TAMS 0x0000000086700000, 0x0000000086700000| Untracked 
|  68|0x0000000086800000, 0x0000000086900000, 0x0000000086900000|100%| O|  |TAMS 0x0000000086800000, 0x0000000086800000| Untracked 
|  69|0x0000000086900000, 0x0000000086a00000, 0x0000000086a00000|100%| O|  |TAMS 0x0000000086900000, 0x0000000086900000| Untracked 
|  70|0x0000000086a00000, 0x0000000086b00000, 0x0000000086b00000|100%| O|  |TAMS 0x0000000086a00000, 0x0000000086a00000| Untracked 
|  71|0x0000000086b00000, 0x0000000086c00000, 0x0000000086c00000|100%| O|  |TAMS 0x0000000086b00000, 0x0000000086b00000| Untracked 
|  72|0x0000000086c00000, 0x0000000086d00000, 0x0000000086d00000|100%| O|  |TAMS 0x0000000086c00000, 0x0000000086c00000| Untracked 
|  73|0x0000000086d00000, 0x0000000086e00000, 0x0000000086e00000|100%| O|  |TAMS 0x0000000086d00000, 0x0000000086d00000| Untracked 
|  74|0x0000000086e00000, 0x0000000086f00000, 0x0000000086f00000|100%| O|  |TAMS 0x0000000086e00000, 0x0000000086e00000| Untracked 
|  75|0x0000000086f00000, 0x0000000087000000, 0x0000000087000000|100%| O|  |TAMS 0x0000000086f00000, 0x0000000086f00000| Untracked 
|  76|0x0000000087000000, 0x0000000087100000, 0x0000000087100000|100%| O|  |TAMS 0x0000000087000000, 0x0000000087000000| Untracked 
|  77|0x0000000087100000, 0x0000000087200000, 0x0000000087200000|100%| O|  |TAMS 0x0000000087100000, 0x0000000087100000| Untracked 
|  78|0x0000000087200000, 0x0000000087200000, 0x0000000087300000|  0%| F|  |TAMS 0x0000000087200000, 0x0000000087200000| Untracked 
|  79|0x0000000087300000, 0x0000000087300000, 0x0000000087400000|  0%| F|  |TAMS 0x0000000087300000, 0x0000000087300000| Untracked 
|  80|0x0000000087400000, 0x0000000087400000, 0x0000000087500000|  0%| F|  |TAMS 0x0000000087400000, 0x0000000087400000| Untracked 
|  81|0x0000000087500000, 0x0000000087500000, 0x0000000087600000|  0%| F|  |TAMS 0x0000000087500000, 0x0000000087500000| Untracked 
|  82|0x0000000087600000, 0x0000000087600000, 0x0000000087700000|  0%| F|  |TAMS 0x0000000087600000, 0x0000000087600000| Untracked 
|  83|0x0000000087700000, 0x0000000087700000, 0x0000000087800000|  0%| F|  |TAMS 0x0000000087700000, 0x0000000087700000| Untracked 
|  84|0x0000000087800000, 0x0000000087800000, 0x0000000087900000|  0%| F|  |TAMS 0x0000000087800000, 0x0000000087800000| Untracked 
|  85|0x0000000087900000, 0x0000000087900000, 0x0000000087a00000|  0%| F|  |TAMS 0x0000000087900000, 0x0000000087900000| Untracked 
|  86|0x0000000087a00000, 0x0000000087a00000, 0x0000000087b00000|  0%| F|  |TAMS 0x0000000087a00000, 0x0000000087a00000| Untracked 
|  87|0x0000000087b00000, 0x0000000087b00000, 0x0000000087c00000|  0%| F|  |TAMS 0x0000000087b00000, 0x0000000087b00000| Untracked 
|  88|0x0000000087c00000, 0x0000000087c00000, 0x0000000087d00000|  0%| F|  |TAMS 0x0000000087c00000, 0x0000000087c00000| Untracked 
|  89|0x0000000087d00000, 0x0000000087d00000, 0x0000000087e00000|  0%| F|  |TAMS 0x0000000087d00000, 0x0000000087d00000| Untracked 
|  90|0x0000000087e00000, 0x0000000087e00000, 0x0000000087f00000|  0%| F|  |TAMS 0x0000000087e00000, 0x0000000087e00000| Untracked 
|  91|0x0000000087f00000, 0x0000000087f00000, 0x0000000088000000|  0%| F|  |TAMS 0x0000000087f00000, 0x0000000087f00000| Untracked 
|  92|0x0000000088000000, 0x0000000088000000, 0x0000000088100000|  0%| F|  |TAMS 0x0000000088000000, 0x0000000088000000| Untracked 
|  93|0x0000000088100000, 0x0000000088100000, 0x0000000088200000|  0%| F|  |TAMS 0x0000000088100000, 0x0000000088100000| Untracked 
|  94|0x0000000088200000, 0x0000000088200000, 0x0000000088300000|  0%| F|  |TAMS 0x0000000088200000, 0x0000000088200000| Untracked 
|  95|0x0000000088300000, 0x0000000088300000, 0x0000000088400000|  0%| F|  |TAMS 0x0000000088300000, 0x0000000088300000| Untracked 
|  96|0x0000000088400000, 0x0000000088400000, 0x0000000088500000|  0%| F|  |TAMS 0x0000000088400000, 0x0000000088400000| Untracked 
|  97|0x0000000088500000, 0x0000000088500000, 0x0000000088600000|  0%| F|  |TAMS 0x0000000088500000, 0x0000000088500000| Untracked 
|  98|0x0000000088600000, 0x0000000088600000, 0x0000000088700000|  0%| F|  |TAMS 0x0000000088600000, 0x0000000088600000| Untracked 
|  99|0x0000000088700000, 0x0000000088700000, 0x0000000088800000|  0%| F|  |TAMS 0x0000000088700000, 0x0000000088700000| Untracked 
| 100|0x0000000088800000, 0x0000000088800000, 0x0000000088900000|  0%| F|  |TAMS 0x0000000088800000, 0x0000000088800000| Untracked 
| 101|0x0000000088900000, 0x0000000088900000, 0x0000000088a00000|  0%| F|  |TAMS 0x0000000088900000, 0x0000000088900000| Untracked 
| 102|0x0000000088a00000, 0x0000000088a00000, 0x0000000088b00000|  0%| F|  |TAMS 0x0000000088a00000, 0x0000000088a00000| Untracked 
| 103|0x0000000088b00000, 0x0000000088b00000, 0x0000000088c00000|  0%| F|  |TAMS 0x0000000088b00000, 0x0000000088b00000| Untracked 
| 104|0x0000000088c00000, 0x0000000088c00000, 0x0000000088d00000|  0%| F|  |TAMS 0x0000000088c00000, 0x0000000088c00000| Untracked 
| 105|0x0000000088d00000, 0x0000000088d00000, 0x0000000088e00000|  0%| F|  |TAMS 0x0000000088d00000, 0x0000000088d00000| Untracked 
| 106|0x0000000088e00000, 0x0000000088e00000, 0x0000000088f00000|  0%| F|  |TAMS 0x0000000088e00000, 0x0000000088e00000| Untracked 
| 107|0x0000000088f00000, 0x0000000088f00000, 0x0000000089000000|  0%| F|  |TAMS 0x0000000088f00000, 0x0000000088f00000| Untracked 
| 108|0x0000000089000000, 0x0000000089000000, 0x0000000089100000|  0%| F|  |TAMS 0x0000000089000000, 0x0000000089000000| Untracked 
| 109|0x0000000089100000, 0x0000000089100000, 0x0000000089200000|  0%| F|  |TAMS 0x0000000089100000, 0x0000000089100000| Untracked 
| 110|0x0000000089200000, 0x0000000089200000, 0x0000000089300000|  0%| F|  |TAMS 0x0000000089200000, 0x0000000089200000| Untracked 
| 111|0x0000000089300000, 0x0000000089300000, 0x0000000089400000|  0%| F|  |TAMS 0x0000000089300000, 0x0000000089300000| Untracked 
| 112|0x0000000089400000, 0x0000000089400000, 0x0000000089500000|  0%| F|  |TAMS 0x0000000089400000, 0x0000000089400000| Untracked 
| 113|0x0000000089500000, 0x0000000089500000, 0x0000000089600000|  0%| F|  |TAMS 0x0000000089500000, 0x0000000089500000| Untracked 
| 114|0x0000000089600000, 0x0000000089600000, 0x0000000089700000|  0%| F|  |TAMS 0x0000000089600000, 0x0000000089600000| Untracked 
| 115|0x0000000089700000, 0x0000000089700000, 0x0000000089800000|  0%| F|  |TAMS 0x0000000089700000, 0x0000000089700000| Untracked 
| 116|0x0000000089800000, 0x0000000089800000, 0x0000000089900000|  0%| F|  |TAMS 0x0000000089800000, 0x0000000089800000| Untracked 
| 117|0x0000000089900000, 0x0000000089900000, 0x0000000089a00000|  0%| F|  |TAMS 0x0000000089900000, 0x0000000089900000| Untracked 
| 118|0x0000000089a00000, 0x0000000089a00000, 0x0000000089b00000|  0%| F|  |TAMS 0x0000000089a00000, 0x0000000089a00000| Untracked 
| 119|0x0000000089b00000, 0x0000000089b00000, 0x0000000089c00000|  0%| F|  |TAMS 0x0000000089b00000, 0x0000000089b00000| Untracked 
| 120|0x0000000089c00000, 0x0000000089c00000, 0x0000000089d00000|  0%| F|  |TAMS 0x0000000089c00000, 0x0000000089c00000| Untracked 
| 121|0x0000000089d00000, 0x0000000089d739b8, 0x0000000089e00000| 45%| S|CS|TAMS 0x0000000089d00000, 0x0000000089d00000| Complete 
| 122|0x0000000089e00000, 0x0000000089f00000, 0x0000000089f00000|100%| S|CS|TAMS 0x0000000089e00000, 0x0000000089e00000| Complete 
| 123|0x0000000089f00000, 0x000000008a000000, 0x000000008a000000|100%| S|CS|TAMS 0x0000000089f00000, 0x0000000089f00000| Complete 
| 124|0x000000008a000000, 0x000000008a100000, 0x000000008a100000|100%| S|CS|TAMS 0x000000008a000000, 0x000000008a000000| Complete 
| 125|0x000000008a100000, 0x000000008a200000, 0x000000008a200000|100%| S|CS|TAMS 0x000000008a100000, 0x000000008a100000| Complete 
| 126|0x000000008a200000, 0x000000008a200000, 0x000000008a300000|  0%| F|  |TAMS 0x000000008a200000, 0x000000008a200000| Untracked 
| 127|0x000000008a300000, 0x000000008a300000, 0x000000008a400000|  0%| F|  |TAMS 0x000000008a300000, 0x000000008a300000| Untracked 
| 128|0x000000008a400000, 0x000000008a400000, 0x000000008a500000|  0%| F|  |TAMS 0x000000008a400000, 0x000000008a400000| Untracked 
| 129|0x000000008a500000, 0x000000008a500000, 0x000000008a600000|  0%| F|  |TAMS 0x000000008a500000, 0x000000008a500000| Untracked 
| 130|0x000000008a600000, 0x000000008a600000, 0x000000008a700000|  0%| F|  |TAMS 0x000000008a600000, 0x000000008a600000| Untracked 
| 131|0x000000008a700000, 0x000000008a700000, 0x000000008a800000|  0%| F|  |TAMS 0x000000008a700000, 0x000000008a700000| Untracked 
| 132|0x000000008a800000, 0x000000008a800000, 0x000000008a900000|  0%| F|  |TAMS 0x000000008a800000, 0x000000008a800000| Untracked 
| 133|0x000000008a900000, 0x000000008a900000, 0x000000008aa00000|  0%| F|  |TAMS 0x000000008a900000, 0x000000008a900000| Untracked 
| 134|0x000000008aa00000, 0x000000008aa00000, 0x000000008ab00000|  0%| F|  |TAMS 0x000000008aa00000, 0x000000008aa00000| Untracked 
| 135|0x000000008ab00000, 0x000000008ab00000, 0x000000008ac00000|  0%| F|  |TAMS 0x000000008ab00000, 0x000000008ab00000| Untracked 
| 136|0x000000008ac00000, 0x000000008ac00000, 0x000000008ad00000|  0%| F|  |TAMS 0x000000008ac00000, 0x000000008ac00000| Untracked 
| 137|0x000000008ad00000, 0x000000008ad00000, 0x000000008ae00000|  0%| F|  |TAMS 0x000000008ad00000, 0x000000008ad00000| Untracked 
| 138|0x000000008ae00000, 0x000000008ae00000, 0x000000008af00000|  0%| F|  |TAMS 0x000000008ae00000, 0x000000008ae00000| Untracked 
| 139|0x000000008af00000, 0x000000008af00000, 0x000000008b000000|  0%| F|  |TAMS 0x000000008af00000, 0x000000008af00000| Untracked 
| 140|0x000000008b000000, 0x000000008b000000, 0x000000008b100000|  0%| F|  |TAMS 0x000000008b000000, 0x000000008b000000| Untracked 
| 141|0x000000008b100000, 0x000000008b100000, 0x000000008b200000|  0%| F|  |TAMS 0x000000008b100000, 0x000000008b100000| Untracked 
| 142|0x000000008b200000, 0x000000008b200000, 0x000000008b300000|  0%| F|  |TAMS 0x000000008b200000, 0x000000008b200000| Untracked 
| 143|0x000000008b300000, 0x000000008b300000, 0x000000008b400000|  0%| F|  |TAMS 0x000000008b300000, 0x000000008b300000| Untracked 
| 144|0x000000008b400000, 0x000000008b400000, 0x000000008b500000|  0%| F|  |TAMS 0x000000008b400000, 0x000000008b400000| Untracked 
| 145|0x000000008b500000, 0x000000008b500000, 0x000000008b600000|  0%| F|  |TAMS 0x000000008b500000, 0x000000008b500000| Untracked 
| 146|0x000000008b600000, 0x000000008b600000, 0x000000008b700000|  0%| F|  |TAMS 0x000000008b600000, 0x000000008b600000| Untracked 
| 147|0x000000008b700000, 0x000000008b700000, 0x000000008b800000|  0%| F|  |TAMS 0x000000008b700000, 0x000000008b700000| Untracked 
| 148|0x000000008b800000, 0x000000008b800000, 0x000000008b900000|  0%| F|  |TAMS 0x000000008b800000, 0x000000008b800000| Untracked 
| 149|0x000000008b900000, 0x000000008b900000, 0x000000008ba00000|  0%| F|  |TAMS 0x000000008b900000, 0x000000008b900000| Untracked 
| 150|0x000000008ba00000, 0x000000008ba00000, 0x000000008bb00000|  0%| F|  |TAMS 0x000000008ba00000, 0x000000008ba00000| Untracked 
| 151|0x000000008bb00000, 0x000000008bb00000, 0x000000008bc00000|  0%| F|  |TAMS 0x000000008bb00000, 0x000000008bb00000| Untracked 
| 152|0x000000008bc00000, 0x000000008bc00000, 0x000000008bd00000|  0%| F|  |TAMS 0x000000008bc00000, 0x000000008bc00000| Untracked 
| 153|0x000000008bd00000, 0x000000008bd00000, 0x000000008be00000|  0%| F|  |TAMS 0x000000008bd00000, 0x000000008bd00000| Untracked 
| 154|0x000000008be00000, 0x000000008be00000, 0x000000008bf00000|  0%| F|  |TAMS 0x000000008be00000, 0x000000008be00000| Untracked 
| 155|0x000000008bf00000, 0x000000008bf00000, 0x000000008c000000|  0%| F|  |TAMS 0x000000008bf00000, 0x000000008bf00000| Untracked 
| 156|0x000000008c000000, 0x000000008c000000, 0x000000008c100000|  0%| F|  |TAMS 0x000000008c000000, 0x000000008c000000| Untracked 
| 157|0x000000008c100000, 0x000000008c100000, 0x000000008c200000|  0%| F|  |TAMS 0x000000008c100000, 0x000000008c100000| Untracked 
| 158|0x000000008c200000, 0x000000008c200000, 0x000000008c300000|  0%| F|  |TAMS 0x000000008c200000, 0x000000008c200000| Untracked 
| 159|0x000000008c300000, 0x000000008c300000, 0x000000008c400000|  0%| F|  |TAMS 0x000000008c300000, 0x000000008c300000| Untracked 
| 160|0x000000008c400000, 0x000000008c400000, 0x000000008c500000|  0%| F|  |TAMS 0x000000008c400000, 0x000000008c400000| Untracked 
| 161|0x000000008c500000, 0x000000008c500000, 0x000000008c600000|  0%| F|  |TAMS 0x000000008c500000, 0x000000008c500000| Untracked 
| 162|0x000000008c600000, 0x000000008c600000, 0x000000008c700000|  0%| F|  |TAMS 0x000000008c600000, 0x000000008c600000| Untracked 
| 163|0x000000008c700000, 0x000000008c700000, 0x000000008c800000|  0%| F|  |TAMS 0x000000008c700000, 0x000000008c700000| Untracked 
| 164|0x000000008c800000, 0x000000008c800000, 0x000000008c900000|  0%| F|  |TAMS 0x000000008c800000, 0x000000008c800000| Untracked 
| 165|0x000000008c900000, 0x000000008c900000, 0x000000008ca00000|  0%| F|  |TAMS 0x000000008c900000, 0x000000008c900000| Untracked 
| 166|0x000000008ca00000, 0x000000008ca00000, 0x000000008cb00000|  0%| F|  |TAMS 0x000000008ca00000, 0x000000008ca00000| Untracked 
| 167|0x000000008cb00000, 0x000000008cb00000, 0x000000008cc00000|  0%| F|  |TAMS 0x000000008cb00000, 0x000000008cb00000| Untracked 
| 168|0x000000008cc00000, 0x000000008cc00000, 0x000000008cd00000|  0%| F|  |TAMS 0x000000008cc00000, 0x000000008cc00000| Untracked 
| 169|0x000000008cd00000, 0x000000008cd00000, 0x000000008ce00000|  0%| F|  |TAMS 0x000000008cd00000, 0x000000008cd00000| Untracked 
| 170|0x000000008ce00000, 0x000000008ce00000, 0x000000008cf00000|  0%| F|  |TAMS 0x000000008ce00000, 0x000000008ce00000| Untracked 
| 171|0x000000008cf00000, 0x000000008cf00000, 0x000000008d000000|  0%| F|  |TAMS 0x000000008cf00000, 0x000000008cf00000| Untracked 
| 172|0x000000008d000000, 0x000000008d000000, 0x000000008d100000|  0%| F|  |TAMS 0x000000008d000000, 0x000000008d000000| Untracked 
| 173|0x000000008d100000, 0x000000008d100000, 0x000000008d200000|  0%| F|  |TAMS 0x000000008d100000, 0x000000008d100000| Untracked 
| 174|0x000000008d200000, 0x000000008d200000, 0x000000008d300000|  0%| F|  |TAMS 0x000000008d200000, 0x000000008d200000| Untracked 
| 175|0x000000008d300000, 0x000000008d300000, 0x000000008d400000|  0%| F|  |TAMS 0x000000008d300000, 0x000000008d300000| Untracked 
| 176|0x000000008d400000, 0x000000008d400000, 0x000000008d500000|  0%| F|  |TAMS 0x000000008d400000, 0x000000008d400000| Untracked 
| 177|0x000000008d500000, 0x000000008d500000, 0x000000008d600000|  0%| F|  |TAMS 0x000000008d500000, 0x000000008d500000| Untracked 
| 178|0x000000008d600000, 0x000000008d600000, 0x000000008d700000|  0%| F|  |TAMS 0x000000008d600000, 0x000000008d600000| Untracked 
| 179|0x000000008d700000, 0x000000008d700000, 0x000000008d800000|  0%| F|  |TAMS 0x000000008d700000, 0x000000008d700000| Untracked 
| 180|0x000000008d800000, 0x000000008d800000, 0x000000008d900000|  0%| F|  |TAMS 0x000000008d800000, 0x000000008d800000| Untracked 
| 181|0x000000008d900000, 0x000000008d900000, 0x000000008da00000|  0%| F|  |TAMS 0x000000008d900000, 0x000000008d900000| Untracked 
| 182|0x000000008da00000, 0x000000008da00000, 0x000000008db00000|  0%| F|  |TAMS 0x000000008da00000, 0x000000008da00000| Untracked 
| 183|0x000000008db00000, 0x000000008db00000, 0x000000008dc00000|  0%| F|  |TAMS 0x000000008db00000, 0x000000008db00000| Untracked 
| 184|0x000000008dc00000, 0x000000008dc00000, 0x000000008dd00000|  0%| F|  |TAMS 0x000000008dc00000, 0x000000008dc00000| Untracked 
| 185|0x000000008dd00000, 0x000000008dd00000, 0x000000008de00000|  0%| F|  |TAMS 0x000000008dd00000, 0x000000008dd00000| Untracked 
| 186|0x000000008de00000, 0x000000008de00000, 0x000000008df00000|  0%| F|  |TAMS 0x000000008de00000, 0x000000008de00000| Untracked 
| 187|0x000000008df00000, 0x000000008df00000, 0x000000008e000000|  0%| F|  |TAMS 0x000000008df00000, 0x000000008df00000| Untracked 
| 188|0x000000008e000000, 0x000000008e000000, 0x000000008e100000|  0%| F|  |TAMS 0x000000008e000000, 0x000000008e000000| Untracked 
| 189|0x000000008e100000, 0x000000008e100000, 0x000000008e200000|  0%| F|  |TAMS 0x000000008e100000, 0x000000008e100000| Untracked 
| 190|0x000000008e200000, 0x000000008e200000, 0x000000008e300000|  0%| F|  |TAMS 0x000000008e200000, 0x000000008e200000| Untracked 
| 191|0x000000008e300000, 0x000000008e300000, 0x000000008e400000|  0%| F|  |TAMS 0x000000008e300000, 0x000000008e300000| Untracked 
| 192|0x000000008e400000, 0x000000008e400000, 0x000000008e500000|  0%| F|  |TAMS 0x000000008e400000, 0x000000008e400000| Untracked 
| 193|0x000000008e500000, 0x000000008e600000, 0x000000008e600000|100%| E|  |TAMS 0x000000008e500000, 0x000000008e500000| Complete 
| 194|0x000000008e600000, 0x000000008e700000, 0x000000008e700000|100%| E|CS|TAMS 0x000000008e600000, 0x000000008e600000| Complete 
| 195|0x000000008e700000, 0x000000008e800000, 0x000000008e800000|100%| E|CS|TAMS 0x000000008e700000, 0x000000008e700000| Complete 
| 196|0x000000008e800000, 0x000000008e900000, 0x000000008e900000|100%| E|CS|TAMS 0x000000008e800000, 0x000000008e800000| Complete 
| 197|0x000000008e900000, 0x000000008ea00000, 0x000000008ea00000|100%| E|CS|TAMS 0x000000008e900000, 0x000000008e900000| Complete 
| 198|0x000000008ea00000, 0x000000008eb00000, 0x000000008eb00000|100%| E|CS|TAMS 0x000000008ea00000, 0x000000008ea00000| Complete 
| 199|0x000000008eb00000, 0x000000008ec00000, 0x000000008ec00000|100%| E|CS|TAMS 0x000000008eb00000, 0x000000008eb00000| Complete 
| 200|0x000000008ec00000, 0x000000008ed00000, 0x000000008ed00000|100%| E|CS|TAMS 0x000000008ec00000, 0x000000008ec00000| Complete 
| 201|0x000000008ed00000, 0x000000008ee00000, 0x000000008ee00000|100%| E|CS|TAMS 0x000000008ed00000, 0x000000008ed00000| Complete 
| 202|0x000000008ee00000, 0x000000008ef00000, 0x000000008ef00000|100%| E|CS|TAMS 0x000000008ee00000, 0x000000008ee00000| Complete 
| 203|0x000000008ef00000, 0x000000008f000000, 0x000000008f000000|100%| E|CS|TAMS 0x000000008ef00000, 0x000000008ef00000| Complete 
| 204|0x000000008f000000, 0x000000008f100000, 0x000000008f100000|100%| E|CS|TAMS 0x000000008f000000, 0x000000008f000000| Complete 
| 205|0x000000008f100000, 0x000000008f200000, 0x000000008f200000|100%| E|CS|TAMS 0x000000008f100000, 0x000000008f100000| Complete 
| 206|0x000000008f200000, 0x000000008f300000, 0x000000008f300000|100%| E|CS|TAMS 0x000000008f200000, 0x000000008f200000| Complete 
| 207|0x000000008f300000, 0x000000008f400000, 0x000000008f400000|100%| E|CS|TAMS 0x000000008f300000, 0x000000008f300000| Complete 
| 208|0x000000008f400000, 0x000000008f500000, 0x000000008f500000|100%| E|CS|TAMS 0x000000008f400000, 0x000000008f400000| Complete 
| 209|0x000000008f500000, 0x000000008f600000, 0x000000008f600000|100%| E|CS|TAMS 0x000000008f500000, 0x000000008f500000| Complete 
| 210|0x000000008f600000, 0x000000008f700000, 0x000000008f700000|100%| E|CS|TAMS 0x000000008f600000, 0x000000008f600000| Complete 
| 211|0x000000008f700000, 0x000000008f800000, 0x000000008f800000|100%| E|CS|TAMS 0x000000008f700000, 0x000000008f700000| Complete 
| 212|0x000000008f800000, 0x000000008f900000, 0x000000008f900000|100%| E|CS|TAMS 0x000000008f800000, 0x000000008f800000| Complete 
| 213|0x000000008f900000, 0x000000008fa00000, 0x000000008fa00000|100%| E|CS|TAMS 0x000000008f900000, 0x000000008f900000| Complete 
| 214|0x000000008fa00000, 0x000000008fb00000, 0x000000008fb00000|100%| E|CS|TAMS 0x000000008fa00000, 0x000000008fa00000| Complete 
| 215|0x000000008fb00000, 0x000000008fc00000, 0x000000008fc00000|100%| E|CS|TAMS 0x000000008fb00000, 0x000000008fb00000| Complete 
| 216|0x000000008fc00000, 0x000000008fd00000, 0x000000008fd00000|100%| E|CS|TAMS 0x000000008fc00000, 0x000000008fc00000| Complete 
| 217|0x000000008fd00000, 0x000000008fe00000, 0x000000008fe00000|100%| E|CS|TAMS 0x000000008fd00000, 0x000000008fd00000| Complete 
| 218|0x000000008fe00000, 0x000000008ff00000, 0x000000008ff00000|100%| E|CS|TAMS 0x000000008fe00000, 0x000000008fe00000| Complete 
| 219|0x000000008ff00000, 0x0000000090000000, 0x0000000090000000|100%| E|CS|TAMS 0x000000008ff00000, 0x000000008ff00000| Complete 
| 220|0x0000000090000000, 0x0000000090100000, 0x0000000090100000|100%| E|CS|TAMS 0x0000000090000000, 0x0000000090000000| Complete 
| 221|0x0000000090100000, 0x0000000090200000, 0x0000000090200000|100%| E|CS|TAMS 0x0000000090100000, 0x0000000090100000| Complete 
| 222|0x0000000090200000, 0x0000000090300000, 0x0000000090300000|100%| E|CS|TAMS 0x0000000090200000, 0x0000000090200000| Complete 
| 223|0x0000000090300000, 0x0000000090400000, 0x0000000090400000|100%| E|CS|TAMS 0x0000000090300000, 0x0000000090300000| Complete 
| 224|0x0000000090400000, 0x0000000090500000, 0x0000000090500000|100%| E|CS|TAMS 0x0000000090400000, 0x0000000090400000| Complete 
| 225|0x0000000090500000, 0x0000000090600000, 0x0000000090600000|100%| E|CS|TAMS 0x0000000090500000, 0x0000000090500000| Complete 
| 226|0x0000000090600000, 0x0000000090700000, 0x0000000090700000|100%| E|CS|TAMS 0x0000000090600000, 0x0000000090600000| Complete 
| 227|0x0000000090700000, 0x0000000090800000, 0x0000000090800000|100%| E|CS|TAMS 0x0000000090700000, 0x0000000090700000| Complete 
| 228|0x0000000090800000, 0x0000000090900000, 0x0000000090900000|100%| E|CS|TAMS 0x0000000090800000, 0x0000000090800000| Complete 
| 229|0x0000000090900000, 0x0000000090a00000, 0x0000000090a00000|100%| E|CS|TAMS 0x0000000090900000, 0x0000000090900000| Complete 
| 230|0x0000000090a00000, 0x0000000090b00000, 0x0000000090b00000|100%| E|CS|TAMS 0x0000000090a00000, 0x0000000090a00000| Complete 
| 231|0x0000000090b00000, 0x0000000090c00000, 0x0000000090c00000|100%| E|CS|TAMS 0x0000000090b00000, 0x0000000090b00000| Complete 

Card table byte_map: [0x000001fc26020000,0x000001fc26410000] _byte_map_base: 0x000001fc25c0e000

Marking Bits (Prev, Next): (CMBitMap*) 0x000001fc12e2c318, (CMBitMap*) 0x000001fc12e2c350
 Prev Bits: [0x000001fc26800000, 0x000001fc28770000)
 Next Bits: [0x000001fc28770000, 0x000001fc2a6e0000)

Polling page: 0x000001fc10d90000

Metaspace:

Usage:
  Non-class:     73.70 MB capacity,    73.18 MB (>99%) used,   390.07 KB ( <1%) free+waste,   139.31 KB ( <1%) overhead. 
      Class:      9.19 MB capacity,     8.81 MB ( 96%) used,   326.59 KB (  3%) free+waste,    57.50 KB ( <1%) overhead. 
       Both:     82.89 MB capacity,    81.99 MB ( 99%) used,   716.66 KB ( <1%) free+waste,   196.81 KB ( <1%) overhead. 

Virtual space:
  Non-class space:       74.00 MB reserved,      73.93 MB (>99%) committed 
      Class space:        1.00 GB reserved,       9.30 MB ( <1%) committed 
             Both:        1.07 GB reserved,      83.23 MB (  8%) committed 

Chunk freelists:
   Non-Class:  42.00 KB
       Class:  2.00 KB
        Both:  44.00 KB

MaxMetaspaceSize: 17179869184.00 GB
CompressedClassSpaceSize: 1.00 GB
Initial GC threshold: 20.80 MB
Current GC threshold: 109.13 MB
CDS: off

CodeHeap 'non-profiled nmethods': size=120000Kb used=4988Kb max_used=4988Kb free=115011Kb
 bounds [0x000001fc1e3d0000, 0x000001fc1e8b0000, 0x000001fc25900000]
CodeHeap 'profiled nmethods': size=120000Kb used=35452Kb max_used=35452Kb free=84547Kb
 bounds [0x000001fc16ea0000, 0x000001fc19140000, 0x000001fc1e3d0000]
CodeHeap 'non-nmethods': size=5760Kb used=1398Kb max_used=1436Kb free=4361Kb
 bounds [0x000001fc16900000, 0x000001fc16b70000, 0x000001fc16ea0000]
 total_blobs=14497 nmethods=13805 adapters=600
 compilation: enabled
              stopped_count=0, restarted_count=0
 full_count=0

Compilation events (20 events):
Event: 14.983 Thread 0x000001fc2d157000 nmethod 13947 0x000001fc1e8ad890 code [0x000001fc1e8ada40, 0x000001fc1e8adaf8]
Event: 14.983 Thread 0x000001fc2d157000 13945       2       org.jetbrains.kotlin.backend.jvm.ir.IrInlineReferenceLocator::visitComposite (13 bytes)
Event: 14.983 Thread 0x000001fc2d157000 nmethod 13945 0x000001fc190f7390 code [0x000001fc190f75a0, 0x000001fc190f78c8]
Event: 14.983 Thread 0x000001fc2d157000 13923       2       org.jetbrains.kotlin.ir.util.IrUtilsKt$functions$1::invoke (11 bytes)
Event: 14.984 Thread 0x000001fc2d157000 nmethod 13923 0x000001fc190f7b10 code [0x000001fc190f7d00, 0x000001fc190f7fa8]
Event: 14.984 Thread 0x000001fc2d157000 13917       2       org.jetbrains.kotlin.metadata.ProtoBuf$Function::hasFlags (16 bytes)
Event: 14.984 Thread 0x000001fc2d157000 nmethod 13917 0x000001fc190f8190 code [0x000001fc190f8340, 0x000001fc190f8458]
Event: 14.984 Thread 0x000001fc2d157000 13918       2       org.jetbrains.kotlin.serialization.deserialization.MemberDeserializer::initializeWithCoroutinesExperimentalityStatus (22 bytes)
Event: 14.984 Thread 0x000001fc2d157000 nmethod 13918 0x000001fc190f8510 code [0x000001fc190f86c0, 0x000001fc190f8828]
Event: 14.992 Thread 0x000001fc2d157000 13948       2       org.jetbrains.kotlin.ir.visitors.IrElementTransformerVoid::visitErrorExpression (10 bytes)
Event: 14.993 Thread 0x000001fc2d157000 nmethod 13948 0x000001fc190f8910 code [0x000001fc190f8b20, 0x000001fc190f8e28]
Event: 14.993 Thread 0x000001fc2d157000 13954       2       org.jetbrains.kotlin.backend.common.BodyLoweringVisitor::visitTypeOperator (13 bytes)
Event: 14.994 Thread 0x000001fc2d157000 nmethod 13954 0x000001fc190f9010 code [0x000001fc190f9220, 0x000001fc190f9638]
Event: 14.994 Thread 0x000001fc2d157000 13952       2       org.jetbrains.kotlin.ir.visitors.IrElementTransformerVoid::visitErrorExpression (16 bytes)
Event: 14.994 Thread 0x000001fc2d157000 nmethod 13952 0x000001fc190f9910 code [0x000001fc190f9b00, 0x000001fc190f9dc8]
Event: 14.994 Thread 0x000001fc2d157000 13949       2       org.jetbrains.kotlin.ir.visitors.IrElementTransformerVoid::visitErrorExpression (13 bytes)
Event: 14.994 Thread 0x000001fc2d157000 nmethod 13949 0x000001fc190f9f90 code [0x000001fc190fa180, 0x000001fc190fa448]
Event: 14.994 Thread 0x000001fc2d157000 13953       2       org.jetbrains.kotlin.ir.expressions.IrSetValue::acceptChildren (17 bytes)
Event: 14.995 Thread 0x000001fc2d157000 nmethod 13953 0x000001fc190fa610 code [0x000001fc190fa820, 0x000001fc190fab18]
Event: 14.995 Thread 0x000001fc2d157000 13950       2       org.jetbrains.kotlin.backend.common.BodyLoweringVisitor::visitExpressionBody (13 bytes)

GC Heap History (20 events):
Event: 2.868 GC heap before
{Heap before GC invocations=4 (full 0):
 garbage-first heap   total 129024K, used 33774K [0x0000000082400000, 0x0000000100000000)
  region size 1024K, 21 young (21504K), 8 survivors (8192K)
 Metaspace       used 35336K, capacity 35740K, committed 35888K, reserved 1081344K
  class space    used 4370K, capacity 4568K, committed 4656K, reserved 1048576K
}
Event: 2.883 GC heap after
{Heap after GC invocations=5 (full 0):
 garbage-first heap   total 129024K, used 24216K [0x0000000082400000, 0x0000000100000000)
  region size 1024K, 3 young (3072K), 3 survivors (3072K)
 Metaspace       used 35336K, capacity 35740K, committed 35888K, reserved 1081344K
  class space    used 4370K, capacity 4568K, committed 4656K, reserved 1048576K
}
Event: 4.245 GC heap before
{Heap before GC invocations=6 (full 0):
 garbage-first heap   total 129024K, used 68248K [0x0000000082400000, 0x0000000100000000)
  region size 1024K, 46 young (47104K), 3 survivors (3072K)
 Metaspace       used 44475K, capacity 44938K, committed 45232K, reserved 1089536K
  class space    used 5252K, capacity 5429K, committed 5552K, reserved 1048576K
}
Event: 4.261 GC heap after
{Heap after GC invocations=7 (full 0):
 garbage-first heap   total 161792K, used 25333K [0x0000000082400000, 0x0000000100000000)
  region size 1024K, 6 young (6144K), 6 survivors (6144K)
 Metaspace       used 44475K, capacity 44938K, committed 45232K, reserved 1089536K
  class space    used 5252K, capacity 5429K, committed 5552K, reserved 1048576K
}
Event: 5.794 GC heap before
{Heap before GC invocations=7 (full 0):
 garbage-first heap   total 161792K, used 88821K [0x0000000082400000, 0x0000000100000000)
  region size 1024K, 65 young (66560K), 6 survivors (6144K)
 Metaspace       used 51228K, capacity 51852K, committed 52144K, reserved 1095680K
  class space    used 6004K, capacity 6257K, committed 6320K, reserved 1048576K
}
Event: 5.812 GC heap after
{Heap after GC invocations=8 (full 0):
 garbage-first heap   total 161792K, used 33754K [0x0000000082400000, 0x0000000100000000)
  region size 1024K, 9 young (9216K), 9 survivors (9216K)
 Metaspace       used 51228K, capacity 51852K, committed 52144K, reserved 1095680K
  class space    used 6004K, capacity 6257K, committed 6320K, reserved 1048576K
}
Event: 7.176 GC heap before
{Heap before GC invocations=8 (full 0):
 garbage-first heap   total 161792K, used 97242K [0x0000000082400000, 0x0000000100000000)
  region size 1024K, 71 young (72704K), 9 survivors (9216K)
 Metaspace       used 56229K, capacity 56858K, committed 57136K, reserved 1099776K
  class space    used 6375K, capacity 6635K, committed 6704K, reserved 1048576K
}
Event: 7.207 GC heap after
{Heap after GC invocations=9 (full 0):
 garbage-first heap   total 161792K, used 44186K [0x0000000082400000, 0x0000000100000000)
  region size 1024K, 9 young (9216K), 9 survivors (9216K)
 Metaspace       used 56229K, capacity 56858K, committed 57136K, reserved 1099776K
  class space    used 6375K, capacity 6635K, committed 6704K, reserved 1048576K
}
Event: 7.732 GC heap before
{Heap before GC invocations=9 (full 0):
 garbage-first heap   total 161792K, used 105626K [0x0000000082400000, 0x0000000100000000)
  region size 1024K, 69 young (70656K), 9 survivors (9216K)
 Metaspace       used 56719K, capacity 57360K, committed 57392K, reserved 1099776K
  class space    used 6415K, capacity 6675K, committed 6704K, reserved 1048576K
}
Event: 7.764 GC heap after
{Heap after GC invocations=10 (full 0):
 garbage-first heap   total 161792K, used 50688K [0x0000000082400000, 0x0000000100000000)
  region size 1024K, 6 young (6144K), 6 survivors (6144K)
 Metaspace       used 56719K, capacity 57360K, committed 57392K, reserved 1099776K
  class space    used 6415K, capacity 6675K, committed 6704K, reserved 1048576K
}
Event: 8.175 GC heap before
{Heap before GC invocations=10 (full 0):
 garbage-first heap   total 161792K, used 67072K [0x0000000082400000, 0x0000000100000000)
  region size 1024K, 23 young (23552K), 6 survivors (6144K)
 Metaspace       used 59483K, capacity 60148K, committed 60208K, reserved 1101824K
  class space    used 6866K, capacity 7160K, committed 7216K, reserved 1048576K
}
Event: 8.194 GC heap after
{Heap after GC invocations=11 (full 0):
 garbage-first heap   total 197632K, used 51712K [0x0000000082400000, 0x0000000100000000)
  region size 1024K, 1 young (1024K), 1 survivors (1024K)
 Metaspace       used 59483K, capacity 60148K, committed 60208K, reserved 1101824K
  class space    used 6866K, capacity 7160K, committed 7216K, reserved 1048576K
}
Event: 10.598 GC heap before
{Heap before GC invocations=12 (full 0):
 garbage-first heap   total 197632K, used 125440K [0x0000000082400000, 0x0000000100000000)
  region size 1024K, 72 young (73728K), 1 survivors (1024K)
 Metaspace       used 65793K, capacity 66616K, committed 66792K, reserved 1107968K
  class space    used 7366K, capacity 7673K, committed 7728K, reserved 1048576K
}
Event: 10.618 GC heap after
{Heap after GC invocations=13 (full 0):
 garbage-first heap   total 197632K, used 61723K [0x0000000082400000, 0x0000000100000000)
  region size 1024K, 9 young (9216K), 9 survivors (9216K)
 Metaspace       used 65793K, capacity 66616K, committed 66792K, reserved 1107968K
  class space    used 7366K, capacity 7673K, committed 7728K, reserved 1048576K
}
Event: 12.283 GC heap before
{Heap before GC invocations=14 (full 0):
 garbage-first heap   total 197632K, used 136475K [0x0000000082400000, 0x0000000100000000)
  region size 1024K, 82 young (83968K), 9 survivors (9216K)
 Metaspace       used 70561K, capacity 71402K, committed 71528K, reserved 1112064K
  class space    used 7752K, capacity 8093K, committed 8112K, reserved 1048576K
}
Event: 12.311 GC heap after
{Heap after GC invocations=15 (full 0):
 garbage-first heap   total 197632K, used 69348K [0x0000000082400000, 0x0000000100000000)
  region size 1024K, 8 young (8192K), 8 survivors (8192K)
 Metaspace       used 70561K, capacity 71402K, committed 71528K, reserved 1112064K
  class space    used 7752K, capacity 8093K, committed 8112K, reserved 1048576K
}
Event: 13.817 GC heap before
{Heap before GC invocations=15 (full 0):
 garbage-first heap   total 197632K, used 143076K [0x0000000082400000, 0x0000000100000000)
  region size 1024K, 80 young (81920K), 8 survivors (8192K)
 Metaspace       used 79231K, capacity 80158K, committed 80360K, reserved 1120256K
  class space    used 8621K, capacity 8986K, committed 9008K, reserved 1048576K
}
Event: 13.843 GC heap after
{Heap after GC invocations=16 (full 0):
 garbage-first heap   total 197632K, used 79872K [0x0000000082400000, 0x0000000100000000)
  region size 1024K, 10 young (10240K), 10 survivors (10240K)
 Metaspace       used 79231K, capacity 80158K, committed 80360K, reserved 1120256K
  class space    used 8621K, capacity 8986K, committed 9008K, reserved 1048576K
}
Event: 14.518 GC heap before
{Heap before GC invocations=16 (full 0):
 garbage-first heap   total 197632K, used 148480K [0x0000000082400000, 0x0000000100000000)
  region size 1024K, 77 young (78848K), 10 survivors (10240K)
 Metaspace       used 82975K, capacity 83914K, committed 84072K, reserved 1124352K
  class space    used 8975K, capacity 9342K, committed 9392K, reserved 1048576K
}
Event: 14.540 GC heap after
{Heap after GC invocations=17 (full 0):
 garbage-first heap   total 237568K, used 84430K [0x0000000082400000, 0x0000000100000000)
  region size 1024K, 5 young (5120K), 5 survivors (5120K)
 Metaspace       used 82975K, capacity 83914K, committed 84072K, reserved 1124352K
  class space    used 8975K, capacity 9342K, committed 9392K, reserved 1048576K
}

Deoptimization events (20 events):
Event: 14.711 Thread 0x000001fc10d1e000 Uncommon trap: trap_request=0xffffffc6 fr.pc=0x000001fc1e89aad4 relative=0x0000000000000a74
Event: 14.711 Thread 0x000001fc10d1e000 Uncommon trap: reason=bimorphic_or_optimized_type_check action=maybe_recompile pc=0x000001fc1e89aad4 method=org.jetbrains.kotlin.ir.visitors.IrElementVisitor$DefaultImpls.visitSimpleFunction(Lorg/jetbrains/kotlin/ir/visitors/IrElementVisitor;Lorg/jetbrain
Event: 14.711 Thread 0x000001fc10d1e000 DEOPT PACKING pc=0x000001fc1e89aad4 sp=0x000000a93bafa7c0
Event: 14.711 Thread 0x000001fc10d1e000 DEOPT UNPACKING pc=0x000001fc1694a1af sp=0x000000a93bafa718 mode 2
Event: 14.716 Thread 0x000001fc10d1e000 Uncommon trap: trap_request=0xffffff6e fr.pc=0x000001fc1e861378 relative=0x0000000000004bf8
Event: 14.716 Thread 0x000001fc10d1e000 Uncommon trap: reason=speculate_class_check action=maybe_recompile pc=0x000001fc1e861378 method=org.jetbrains.kotlin.types.KotlinType.getAnnotations()Lorg/jetbrains/kotlin/descriptors/annotations/Annotations; @ 1 c2
Event: 14.716 Thread 0x000001fc10d1e000 DEOPT PACKING pc=0x000001fc1e861378 sp=0x000000a93bafbf70
Event: 14.716 Thread 0x000001fc10d1e000 DEOPT UNPACKING pc=0x000001fc1694a1af sp=0x000000a93bafbe00 mode 2
Event: 14.776 Thread 0x000001fc10d1e000 Uncommon trap: trap_request=0xffffffde fr.pc=0x000001fc1e89f640 relative=0x0000000000001920
Event: 14.776 Thread 0x000001fc10d1e000 Uncommon trap: reason=class_check action=maybe_recompile pc=0x000001fc1e89f640 method=org.jetbrains.kotlin.backend.common.lower.DefaultArgumentStubGeneratorKt.findBaseFunctionWithDefaultArguments$dfsImpl(Lorg/jetbrains/kotlin/ir/declarations/IrFunction;Lj
Event: 14.776 Thread 0x000001fc10d1e000 DEOPT PACKING pc=0x000001fc1e89f640 sp=0x000000a93bafca50
Event: 14.776 Thread 0x000001fc10d1e000 DEOPT UNPACKING pc=0x000001fc1694a1af sp=0x000000a93bafca28 mode 2
Event: 14.790 Thread 0x000001fc10d1e000 Uncommon trap: trap_request=0xffffffde fr.pc=0x000001fc1e898d28 relative=0x0000000000000088
Event: 14.790 Thread 0x000001fc10d1e000 Uncommon trap: reason=class_check action=maybe_recompile pc=0x000001fc1e898d28 method=org.jetbrains.kotlin.ir.declarations.IrValueParameter.acceptChildren(Lorg/jetbrains/kotlin/ir/visitors/IrElementVisitor;Ljava/lang/Object;)V @ 7 c2
Event: 14.790 Thread 0x000001fc10d1e000 DEOPT PACKING pc=0x000001fc1e898d28 sp=0x000000a93bafc2b0
Event: 14.790 Thread 0x000001fc10d1e000 DEOPT UNPACKING pc=0x000001fc1694a1af sp=0x000000a93bafc248 mode 2
Event: 14.833 Thread 0x000001fc10d1e000 Uncommon trap: trap_request=0xffffff4d fr.pc=0x000001fc1e89f810 relative=0x0000000000001af0
Event: 14.833 Thread 0x000001fc10d1e000 Uncommon trap: reason=unstable_if action=reinterpret pc=0x000001fc1e89f810 method=org.jetbrains.kotlin.backend.common.lower.DefaultArgumentStubGeneratorKt.findBaseFunctionWithDefaultArguments$dfsImpl(Lorg/jetbrains/kotlin/ir/declarations/IrFunction;Ljava/
Event: 14.833 Thread 0x000001fc10d1e000 DEOPT PACKING pc=0x000001fc1e89f810 sp=0x000000a93bafcb10
Event: 14.833 Thread 0x000001fc10d1e000 DEOPT UNPACKING pc=0x000001fc1694a1af sp=0x000000a93bafcae8 mode 2

Classes redefined (0 events):
No events

Internal exceptions (20 events):
Event: 8.682 Thread 0x000001fc10d1e000 Exception <a 'java/lang/IncompatibleClassChangeError'{0x000000008db14f80}: Found class java.lang.Object, but interface was expected> (0x000000008db14f80) thrown at [./src/hotspot/share/interpreter/linkResolver.cpp, line 839]
Event: 8.696 Thread 0x000001fc10d1e000 Implicit null exception at 0x000001fc1e3ec074 to 0x000001fc1e3ec5a4
Event: 8.785 Thread 0x000001fc10d1e000 Exception <a 'java/lang/NoSuchMethodError'{0x000000008d703570}: 'int java.lang.invoke.DirectMethodHandle$Holder.invokeStaticInit(java.lang.Object, int)'> (0x000000008d703570) thrown at [./src/hotspot/share/interpreter/linkResolver.cpp, line 773]
Event: 9.052 Thread 0x000001fc10d1e000 Exception <a 'java/lang/NoSuchMethodError'{0x000000008d1fd560}: 'java.lang.Object java.lang.invoke.Invokers$Holder.linkToTargetMethod(java.lang.Object, java.lang.Object, java.lang.Object, java.lang.Object, java.lang.Object, java.lang.Object, java.lang.Object)'> (0x000000008d1fd560) thrown at [./src/hotspot/share/interpreter/linkResolver.cpp, line 773]
Event: 11.426 Thread 0x000001fc10d1e000 Implicit null exception at 0x000001fc1e74a1d1 to 0x000001fc1e74a7d4
Event: 11.507 Thread 0x000001fc10d1e000 Implicit null exception at 0x000001fc1e4322f5 to 0x000001fc1e4324bc
Event: 12.183 Thread 0x000001fc10d1e000 Exception <a 'java/lang/NoSuchMethodError'{0x000000008a0821b0}: 'java.lang.Object java.lang.invoke.DirectMethodHandle$Holder.invokeStaticInit(java.lang.Object, java.lang.Object, java.lang.Object, java.lang.Object)'> (0x000000008a0821b0) thrown at [./src/hotspot/share/interpreter/linkResolver.cpp, line 773]
Event: 12.390 Thread 0x000001fc10d1e000 Exception <a 'java/lang/NoSuchMethodError'{0x000000008e0ddb58}: 'int java.lang.invoke.DirectMethodHandle$Holder.invokeStaticInit(java.lang.Object, java.lang.Object, java.lang.Object, java.lang.Object)'> (0x000000008e0ddb58) thrown at [./src/hotspot/share/interpreter/linkResolver.cpp, line 773]
Event: 12.444 Thread 0x000001fc10d1e000 Exception <a 'java/lang/NoSuchMethodError'{0x000000008dd8f898}: 'java.lang.Object java.lang.invoke.DirectMethodHandle$Holder.invokeStatic(java.lang.Object, java.lang.Object, java.lang.Object, int, int, java.lang.Object, java.lang.Object, java.lang.Object)'> (0x000000008dd8f898) thrown at [./src/hotspot/share/interpreter/linkResolver.cpp, line 773]
Event: 12.445 Thread 0x000001fc10d1e000 Exception <a 'java/lang/NoSuchMethodError'{0x000000008dd99e00}: 'java.lang.Object java.lang.invoke.DirectMethodHandle$Holder.invokeStatic(java.lang.Object, java.lang.Object, java.lang.Object, int, int)'> (0x000000008dd99e00) thrown at [./src/hotspot/share/interpreter/linkResolver.cpp, line 773]
Event: 12.445 Thread 0x000001fc10d1e000 Exception <a 'java/lang/NoSuchMethodError'{0x000000008dd9d5e0}: 'java.lang.Object java.lang.invoke.DirectMethodHandle$Holder.invokeSpecial(java.lang.Object, java.lang.Object, java.lang.Object, java.lang.Object, int, int)'> (0x000000008dd9d5e0) thrown at [./src/hotspot/share/interpreter/linkResolver.cpp, line 773]
Event: 12.445 Thread 0x000001fc10d1e000 Exception <a 'java/lang/NoSuchMethodError'{0x000000008dda06e8}: 'java.lang.Object java.lang.invoke.Invokers$Holder.linkToTargetMethod(java.lang.Object, java.lang.Object, int, int, java.lang.Object)'> (0x000000008dda06e8) thrown at [./src/hotspot/share/interpreter/linkResolver.cpp, line 773]
Event: 12.466 Thread 0x000001fc10d1e000 Exception <a 'java/lang/NoSuchMethodError'{0x000000008dc72cf0}: 'java.lang.Object java.lang.invoke.DirectMethodHandle$Holder.invokeStatic(java.lang.Object, java.lang.Object, java.lang.Object, int, int, java.lang.Object, java.lang.Object)'> (0x000000008dc72cf0) thrown at [./src/hotspot/share/interpreter/linkResolver.cpp, line 773]
Event: 12.466 Thread 0x000001fc10d1e000 Exception <a 'java/lang/NoSuchMethodError'{0x000000008dc76908}: 'java.lang.Object java.lang.invoke.DirectMethodHandle$Holder.invokeSpecial(java.lang.Object, java.lang.Object, java.lang.Object, java.lang.Object, int, int, java.lang.Object, java.lang.Object)'> (0x000000008dc76908) thrown at [./src/hotspot/share/interpreter/linkResolver.cpp, line 773]
Event: 12.466 Thread 0x000001fc10d1e000 Exception <a 'java/lang/NoSuchMethodError'{0x000000008dc79d18}: 'java.lang.Object java.lang.invoke.Invokers$Holder.linkToTargetMethod(java.lang.Object, java.lang.Object, int, int, java.lang.Object, java.lang.Object, java.lang.Object)'> (0x000000008dc79d18) thrown at [./src/hotspot/share/interpreter/linkResolver.cpp, line 773]
Event: 12.480 Thread 0x000001fc10d1e000 Exception <a 'java/lang/NoSuchMethodError'{0x000000008db383b8}: 'java.lang.Object java.lang.invoke.DirectMethodHandle$Holder.invokeStatic(java.lang.Object, java.lang.Object, java.lang.Object, int, int, java.lang.Object, java.lang.Object, java.lang.Object, java.lang.Object)'> (0x000000008db383b8) thrown at [./src/hotspot/share/interpreter/linkResolver.cpp, line 773]
Event: 12.491 Thread 0x000001fc10d1e000 Exception <a 'java/lang/NoSuchMethodError'{0x000000008dba0de8}: 'java.lang.Object java.lang.invoke.DirectMethodHandle$Holder.invokeSpecial(java.lang.Object, java.lang.Object, int, int, java.lang.Object, java.lang.Object, java.lang.Object, java.lang.Object, java.lang.Object)'> (0x000000008dba0de8) thrown at [./src/hotspot/share/interpreter/linkResolver.cpp, line 773]
Event: 12.965 Thread 0x000001fc10d1e000 Implicit null exception at 0x000001fc1e43ea74 to 0x000001fc1e43ec8c
Event: 14.623 Thread 0x000001fc10d1e000 Implicit null exception at 0x000001fc1e8955f2 to 0x000001fc1e895762
Event: 14.629 Thread 0x000001fc10d1e000 Implicit null exception at 0x000001fc1e897fa1 to 0x000001fc1e8980f2

Events (20 events):
Event: 14.937 loading class org/jetbrains/kotlin/backend/common/lower/DefaultArgumentStubGenerator$log$1
Event: 14.937 loading class org/jetbrains/kotlin/backend/common/lower/DefaultArgumentStubGenerator$log$1 done
Event: 14.937 loading class org/jetbrains/kotlin/backend/common/lower/DefaultArgumentStubGenerator$lower$2
Event: 14.937 loading class org/jetbrains/kotlin/backend/common/lower/DefaultArgumentStubGenerator$lower$2 done
Event: 14.940 Executing VM operation: ICBufferFull
Event: 14.940 Executing VM operation: ICBufferFull done
Event: 14.962 loading class org/jetbrains/kotlin/backend/common/ir/ValueRemapper
Event: 14.962 loading class org/jetbrains/kotlin/backend/common/ir/ValueRemapper done
Event: 14.963 loading class org/jetbrains/kotlin/backend/common/ir/AbstractValueRemapper
Event: 14.963 loading class org/jetbrains/kotlin/backend/common/ir/AbstractValueRemapper done
Event: 14.966 loading class org/jetbrains/kotlin/backend/jvm/JvmLoweredStatementOrigin$DEFAULT_STUB_CALL_TO_IMPLEMENTATION
Event: 14.966 loading class org/jetbrains/kotlin/backend/jvm/JvmLoweredStatementOrigin$DEFAULT_STUB_CALL_TO_IMPLEMENTATION done
Event: 14.973 loading class org/jetbrains/kotlin/backend/common/lower/InitializersLoweringKt
Event: 14.973 loading class org/jetbrains/kotlin/backend/common/lower/InitializersLoweringKt done
Event: 14.981 loading class org/jetbrains/kotlin/ir/util/RenderIrElementKt
Event: 14.981 loading class org/jetbrains/kotlin/ir/util/RenderIrElementKt done
Event: 14.982 loading class org/jetbrains/kotlin/ir/util/RenderIrElementVisitor
Event: 14.982 loading class org/jetbrains/kotlin/ir/util/RenderIrElementVisitor done
Event: 14.988 loading class org/jetbrains/kotlin/ir/util/RenderIrElementVisitor$BoundSymbolReferenceRenderer
Event: 14.988 loading class org/jetbrains/kotlin/ir/util/RenderIrElementVisitor$BoundSymbolReferenceRenderer done


Dynamic libraries:
0x00007ff7fccc0000 - 0x00007ff7fccca000 	D:\Coding\Android studio\jre\bin\java.exe
0x00007ffdf7120000 - 0x00007ffdf7329000 	C:\WINDOWS\SYSTEM32\ntdll.dll
0x00007ffdf64e0000 - 0x00007ffdf659d000 	C:\WINDOWS\System32\KERNEL32.DLL
0x00007ffdf46f0000 - 0x00007ffdf4a69000 	C:\WINDOWS\System32\KERNELBASE.dll
0x00007ffdf4c10000 - 0x00007ffdf4d21000 	C:\WINDOWS\System32\ucrtbase.dll
0x00007ffdef6d0000 - 0x00007ffdef6e9000 	D:\Coding\Android studio\jre\bin\jli.dll
0x00007ffde4ce0000 - 0x00007ffde4cf7000 	D:\Coding\Android studio\jre\bin\VCRUNTIME140.dll
0x00007ffdf6290000 - 0x00007ffdf643c000 	C:\WINDOWS\System32\USER32.dll
0x00007ffdf46c0000 - 0x00007ffdf46e6000 	C:\WINDOWS\System32\win32u.dll
0x00007ffdf5ed0000 - 0x00007ffdf5ef9000 	C:\WINDOWS\System32\GDI32.dll
0x00007ffdeb460000 - 0x00007ffdeb705000 	C:\WINDOWS\WinSxS\amd64_microsoft.windows.common-controls_6595b64144ccf1df_6.0.22000.120_none_9d947278b86cc467\COMCTL32.dll
0x00007ffdf4af0000 - 0x00007ffdf4c02000 	C:\WINDOWS\System32\gdi32full.dll
0x00007ffdf6f00000 - 0x00007ffdf6fa3000 	C:\WINDOWS\System32\msvcrt.dll
0x00007ffdf4f10000 - 0x00007ffdf4fad000 	C:\WINDOWS\System32\msvcp_win.dll
0x00007ffdf64a0000 - 0x00007ffdf64d1000 	C:\WINDOWS\System32\IMM32.DLL
0x00007ffdb1b70000 - 0x00007ffdb1c0d000 	D:\Coding\Android studio\jre\bin\msvcp140.dll
0x00007ffd95ce0000 - 0x00007ffd967c5000 	D:\Coding\Android studio\jre\bin\server\jvm.dll
0x00007ffdf68f0000 - 0x00007ffdf699e000 	C:\WINDOWS\System32\ADVAPI32.dll
0x00007ffdf6a30000 - 0x00007ffdf6ace000 	C:\WINDOWS\System32\sechost.dll
0x00007ffdf55d0000 - 0x00007ffdf56f0000 	C:\WINDOWS\System32\RPCRT4.dll
0x00007ffdf70c0000 - 0x00007ffdf70c8000 	C:\WINDOWS\System32\PSAPI.DLL
0x00007ffde2bf0000 - 0x00007ffde2bf9000 	C:\WINDOWS\SYSTEM32\WSOCK32.dll
0x00007ffde4580000 - 0x00007ffde458a000 	C:\WINDOWS\SYSTEM32\VERSION.dll
0x00007ffdee3f0000 - 0x00007ffdee423000 	C:\WINDOWS\SYSTEM32\WINMM.dll
0x00007ffdf66d0000 - 0x00007ffdf673f000 	C:\WINDOWS\System32\WS2_32.dll
0x00007ffdf37f0000 - 0x00007ffdf3808000 	C:\WINDOWS\SYSTEM32\kernel.appcore.dll
0x00007ffdee4e0000 - 0x00007ffdee4f1000 	D:\Coding\Android studio\jre\bin\verify.dll
0x00007ffdf1bf0000 - 0x00007ffdf1e11000 	C:\WINDOWS\SYSTEM32\DBGHELP.DLL
0x00007ffde56c0000 - 0x00007ffde56f1000 	C:\WINDOWS\SYSTEM32\dbgcore.DLL
0x00007ffdf4a70000 - 0x00007ffdf4aef000 	C:\WINDOWS\System32\bcryptPrimitives.dll
0x00007ffde0610000 - 0x00007ffde0639000 	D:\Coding\Android studio\jre\bin\java.dll
0x00007ffde54e0000 - 0x00007ffde54eb000 	D:\Coding\Android studio\jre\bin\jimage.dll
0x00007ffde05f0000 - 0x00007ffde0608000 	D:\Coding\Android studio\jre\bin\zip.dll
0x00007ffdf56f0000 - 0x00007ffdf5ea8000 	C:\WINDOWS\System32\SHELL32.dll
0x00007ffdf2780000 - 0x00007ffdf2fe7000 	C:\WINDOWS\SYSTEM32\windows.storage.dll
0x00007ffdf6b80000 - 0x00007ffdf6ef9000 	C:\WINDOWS\System32\combase.dll
0x00007ffdf2610000 - 0x00007ffdf2776000 	C:\WINDOWS\SYSTEM32\wintypes.dll
0x00007ffdf5f00000 - 0x00007ffdf5fea000 	C:\WINDOWS\System32\SHCORE.dll
0x00007ffdf6440000 - 0x00007ffdf649d000 	C:\WINDOWS\System32\shlwapi.dll
0x00007ffdf4530000 - 0x00007ffdf4551000 	C:\WINDOWS\SYSTEM32\profapi.dll
0x00007ffde05d0000 - 0x00007ffde05ea000 	D:\Coding\Android studio\jre\bin\net.dll
0x00007ffded0d0000 - 0x00007ffded1dc000 	C:\WINDOWS\SYSTEM32\WINHTTP.dll
0x00007ffdf3c20000 - 0x00007ffdf3c87000 	C:\WINDOWS\system32\mswsock.dll
0x00007ffdd6c30000 - 0x00007ffdd6c44000 	D:\Coding\Android studio\jre\bin\nio.dll

dbghelp: loaded successfully - version: 4.0.5 - missing functions: none
symbol engine: initialized successfully - sym options: 0x614 - pdb path: .;D:\Coding\Android studio\jre\bin;C:\WINDOWS\SYSTEM32;C:\WINDOWS\WinSxS\amd64_microsoft.windows.common-controls_6595b64144ccf1df_6.0.22000.120_none_9d947278b86cc467;D:\Coding\Android studio\jre\bin\server

VM Arguments:
java_command: org.jetbrains.kotlin.cli.jvm.K2JVMCompiler @D:\Coding\My Projects\FreedomCry\app\build\20220803_10149400579528746522.compiler.options
java_class_path (initial): D:\Coding\Gradle\caches\modules-2\files-2.1\org.jetbrains.kotlin\kotlin-compiler-embeddable\1.7.10\909803167c98606fcf22b4c848647c68e351d48d\kotlin-compiler-embeddable-1.7.10.jar;D:\Coding\Gradle\caches\modules-2\files-2.1\org.jetbrains.kotlin\kotlin-reflect\1.7.10\165e600dfea6185cf5efa700756294cc4904dbeb\kotlin-reflect-1.7.10.jar;D:\Coding\Gradle\caches\modules-2\files-2.1\org.jetbrains.kotlin\kotlin-stdlib\1.7.10\d2abf9e77736acc4450dc4a3f707fa2c10f5099d\kotlin-stdlib-1.7.10.jar;D:\Coding\Gradle\caches\modules-2\files-2.1\org.jetbrains.kotlin\kotlin-script-runtime\1.7.10\c99c87a6988d8fd8d5142e9ed5c9f34a7cf561ee\kotlin-script-runtime-1.7.10.jar;D:\Coding\Gradle\caches\modules-2\files-2.1\org.jetbrains.kotlin\kotlin-daemon-embeddable\1.7.10\3a9f7aef7080d3ae63126cbba4f827ed664f32fa\kotlin-daemon-embeddable-1.7.10.jar;D:\Coding\Gradle\caches\modules-2\files-2.1\org.jetbrains.intellij.deps\trove4j\1.0.20200330\3afb14d5f9ceb459d724e907a21145e8ff394f02\trove4j-1.0.20200330.jar;D:\Coding\Gradle\caches\modules-2\files-2.1\net.java.dev.jna\jna\5.6.0\330f2244e9030119ab3030fc3fededc86713d9cc\jna-5.6.0.jar;D:\Coding\Gradle\caches\modules-2\files-2.1\org.jetbrains.kotlin\kotlin-stdlib-common\1.7.10\bac80c520d0a9e3f3673bc2658c6ed02ef45a76a\kotlin-stdlib-common-1.7.10.jar;D:\Coding\Gradle\caches\modules-2\files-2.1\org.jetbrains\annotations\13.0\919f0dfe192fb4e063e7dacadee7f8bb9a2672a9\annotations-13.0.jar
Launcher Type: SUN_STANDARD

[Global flags]
     intx CICompilerCount                          = 4                                         {product} {ergonomic}
     uint ConcGCThreads                            = 2                                         {product} {ergonomic}
     uint G1ConcRefinementThreads                  = 8                                         {product} {ergonomic}
   size_t G1HeapRegionSize                         = 1048576                                   {product} {ergonomic}
    uintx GCDrainStackTargetSize                   = 64                                        {product} {ergonomic}
   size_t InitialHeapSize                          = 132120576                                 {product} {ergonomic}
   size_t MarkStackSize                            = 4194304                                   {product} {ergonomic}
   size_t MaxHeapSize                              = 2109734912                                {product} {ergonomic}
   size_t MaxNewSize                               = 1265631232                                {product} {ergonomic}
   size_t MinHeapDeltaBytes                        = 1048576                                   {product} {ergonomic}
    uintx NonNMethodCodeHeapSize                   = 5836300                                {pd product} {ergonomic}
    uintx NonProfiledCodeHeapSize                  = 122910970                              {pd product} {ergonomic}
    uintx ProfiledCodeHeapSize                     = 122910970                              {pd product} {ergonomic}
    uintx ReservedCodeCacheSize                    = 251658240                              {pd product} {ergonomic}
     bool SegmentedCodeCache                       = true                                      {product} {ergonomic}
     bool UseCompressedClassPointers               = true                                 {lp64_product} {ergonomic}
     bool UseCompressedOops                        = true                                 {lp64_product} {ergonomic}
     bool UseG1GC                                  = true                                      {product} {ergonomic}
     bool UseLargePagesIndividualAllocation        = false                                  {pd product} {ergonomic}

Logging:
Log output configuration:
 #0: stdout all=warning uptime,level,tags
 #1: stderr all=off uptime,level,tags

Environment Variables:
JAVA_HOME=D:\Coding\Android Studio\jre
PATH=C:\Program Files (x86)\Common Files\Oracle\Java\javapath;C:\Windows\system32;C:\Windows;C:\Windows\System32\Wbem;C:\Windows\System32\WindowsPowerShell\v1.0\;C:\Windows\System32\OpenSSH\;C:\Program Files\NVIDIA Corporation\NVIDIA NvDLISR;C:\WINDOWS\system32;C:\WINDOWS;C:\WINDOWS\System32\Wbem;C:\WINDOWS\System32\WindowsPowerShell\v1.0\;C:\WINDOWS\System32\OpenSSH\;D:\Coding\Git\cmd;C:\Program Files (x86)\NVIDIA Corporation\PhysX\Common;C:\WINDOWS\system32;C:\WINDOWS;C:\WINDOWS\System32\Wbem;C:\WINDOWS\System32\WindowsPowerShell\v1.0\;C:\WINDOWS\System32\OpenSSH\;C:\Users\User\AppData\Local\Microsoft\WindowsApps;D:\Coding\IntelliJ IDEA Community Edition 2021.1\bin;;C:\Users\User\AppData\Local\GitHubDesktop\bin;
USERNAME=User
OS=Windows_NT
PROCESSOR_IDENTIFIER=Intel64 Family 6 Model 142 Stepping 11, GenuineIntel



---------------  S Y S T E M  ---------------

OS: Windows 10 , 64 bit Build 22000 (10.0.22000.708)
OS uptime: 5 days 20:35 hours

CPU:total 8 (initial active 8) (4 cores per cpu, 2 threads per core) family 6 model 142 stepping 11 microcode 0xde, cmov, cx8, fxsr, mmx, sse, sse2, sse3, ssse3, sse4.1, sse4.2, popcnt, avx, avx2, aes, clmul, erms, 3dnowpref, lzcnt, ht, tsc, tscinvbit, bmi1, bmi2, adx, fma

Memory: 4k page, system-wide physical 8043M (291M free)
TotalPageFile size 20387M (AvailPageFile size 5M)
current process WorkingSet (physical memory assigned to process): 456M, peak: 456M
current process commit charge ("private bytes"): 494M, peak: 496M

vm_info: OpenJDK 64-Bit Server VM (11.0.12+7-b1504.28-7817840) for windows-amd64 JRE (11.0.12+7-b1504.28-7817840), built on Oct 13 2021 22:12:33 by "builder" with MS VC++ 14.0 (VS2015)

END.
